(28804, 15)
==========================================================================================
Fold 3 Training
==========================================================================================
(25416, 15)
nocall     5755
wlwwar      687
eaywag1     657
barswa      569
thrnig1     490
           ... 
whctur2       3
lotcor1       2
whhsaw1       1
golher1       1
yebsto1       1
Name: primary_label, Length: 265, dtype: int64
(3388, 15)
thrnig1    100
comsan     100
eaywag1    100
wlwwar     100
barswa     100
          ... 
joygre1      1
brcsta1      1
whbcro2      1
stusta1      1
gytbar1      1
Name: primary_label, Length: 254, dtype: int64
Epoch 0 - Train loss: 0.0146, Train cmAP1: 0.0170, Train cmAP5: 0.0575, Train mAP: 0.0049, Valid loss: 0.0067, Valid cmAP1: 0.5880, Valid cmAP5: 0.7641, Valid mAP: 0.4530
Epoch 0 - Save Best Score: 0.5880 Model

Epoch 1 - Train loss: 0.0048, Train cmAP1: 0.1822, Train cmAP5: 0.2346, Train mAP: 0.1073, Valid loss: 0.0052, Valid cmAP1: 0.7459, Valid cmAP5: 0.8623, Valid mAP: 0.7190
Epoch 1 - Save Best Score: 0.7459 Model

Epoch 2 - Train loss: 0.0041, Train cmAP1: 0.2316, Train cmAP5: 0.2837, Train mAP: 0.1619, Valid loss: 0.0047, Valid cmAP1: 0.7907, Valid cmAP5: 0.8882, Valid mAP: 0.7798
Epoch 2 - Save Best Score: 0.7907 Model

Epoch 3 - Train loss: 0.0038, Train cmAP1: 0.2580, Train cmAP5: 0.3103, Train mAP: 0.1898, Valid loss: 0.0045, Valid cmAP1: 0.8126, Valid cmAP5: 0.8989, Valid mAP: 0.8013
Epoch 3 - Save Best Score: 0.8126 Model

Epoch 4 - Train loss: 0.0036, Train cmAP1: 0.2741, Train cmAP5: 0.3259, Train mAP: 0.2062, Valid loss: 0.0043, Valid cmAP1: 0.8258, Valid cmAP5: 0.9057, Valid mAP: 0.8160
Epoch 4 - Save Best Score: 0.8258 Model

Epoch 5 - Train loss: 0.0034, Train cmAP1: 0.2833, Train cmAP5: 0.3343, Train mAP: 0.2153, Valid loss: 0.0042, Valid cmAP1: 0.8341, Valid cmAP5: 0.9106, Valid mAP: 0.8255
Epoch 5 - Save Best Score: 0.8341 Model

Epoch 6 - Train loss: 0.0034, Train cmAP1: 0.2930, Train cmAP5: 0.3442, Train mAP: 0.2264, Valid loss: 0.0040, Valid cmAP1: 0.8404, Valid cmAP5: 0.9136, Valid mAP: 0.8290
Epoch 6 - Save Best Score: 0.8404 Model

Epoch 7 - Train loss: 0.0033, Train cmAP1: 0.2881, Train cmAP5: 0.3397, Train mAP: 0.2222, Valid loss: 0.0040, Valid cmAP1: 0.8425, Valid cmAP5: 0.9143, Valid mAP: 0.8323
Epoch 7 - Save Best Score: 0.8425 Model

Epoch 8 - Train loss: 0.0033, Train cmAP1: 0.2946, Train cmAP5: 0.3456, Train mAP: 0.2284, Valid loss: 0.0040, Valid cmAP1: 0.8443, Valid cmAP5: 0.9153, Valid mAP: 0.8341
Epoch 8 - Save Best Score: 0.8443 Model

Epoch 9 - Train loss: 0.0033, Train cmAP1: 0.2999, Train cmAP5: 0.3507, Train mAP: 0.2312, Valid loss: 0.0040, Valid cmAP1: 0.8439, Valid cmAP5: 0.9152, Valid mAP: 0.8348
Valid loss didn't improve last 1 epochs.

Epoch 10 - Train loss: 0.0034, Train cmAP1: 0.2898, Train cmAP5: 0.3410, Train mAP: 0.2222, Valid loss: 0.0042, Valid cmAP1: 0.8393, Valid cmAP5: 0.9140, Valid mAP: 0.8308
Valid loss didn't improve last 2 epochs.

Epoch 11 - Train loss: 0.0033, Train cmAP1: 0.2928, Train cmAP5: 0.3443, Train mAP: 0.2271, Valid loss: 0.0040, Valid cmAP1: 0.8495, Valid cmAP5: 0.9182, Valid mAP: 0.8340
Epoch 11 - Save Best Score: 0.8495 Model

Epoch 12 - Train loss: 0.0033, Train cmAP1: 0.2986, Train cmAP5: 0.3498, Train mAP: 0.2320, Valid loss: 0.0039, Valid cmAP1: 0.8537, Valid cmAP5: 0.9209, Valid mAP: 0.8422
Epoch 12 - Save Best Score: 0.8537 Model

Epoch 13 - Train loss: 0.0032, Train cmAP1: 0.2998, Train cmAP5: 0.3510, Train mAP: 0.2348, Valid loss: 0.0039, Valid cmAP1: 0.8584, Valid cmAP5: 0.9236, Valid mAP: 0.8475
Epoch 13 - Save Best Score: 0.8584 Model

Epoch 14 - Train loss: 0.0031, Train cmAP1: 0.3098, Train cmAP5: 0.3607, Train mAP: 0.2448, Valid loss: 0.0038, Valid cmAP1: 0.8627, Valid cmAP5: 0.9258, Valid mAP: 0.8517
Epoch 14 - Save Best Score: 0.8627 Model

Epoch 15 - Train loss: 0.0030, Train cmAP1: 0.3106, Train cmAP5: 0.3615, Train mAP: 0.2456, Valid loss: 0.0037, Valid cmAP1: 0.8664, Valid cmAP5: 0.9272, Valid mAP: 0.8553
Epoch 15 - Save Best Score: 0.8664 Model

Epoch 16 - Train loss: 0.0030, Train cmAP1: 0.3123, Train cmAP5: 0.3635, Train mAP: 0.2465, Valid loss: 0.0037, Valid cmAP1: 0.8697, Valid cmAP5: 0.9289, Valid mAP: 0.8581
Epoch 16 - Save Best Score: 0.8697 Model

Epoch 17 - Train loss: 0.0030, Train cmAP1: 0.3182, Train cmAP5: 0.3686, Train mAP: 0.2525, Valid loss: 0.0037, Valid cmAP1: 0.8699, Valid cmAP5: 0.9291, Valid mAP: 0.8595
Epoch 17 - Save Best Score: 0.8699 Model

Epoch 18 - Train loss: 0.0030, Train cmAP1: 0.3157, Train cmAP5: 0.3665, Train mAP: 0.2498, Valid loss: 0.0037, Valid cmAP1: 0.8713, Valid cmAP5: 0.9299, Valid mAP: 0.8606
Epoch 18 - Save Best Score: 0.8713 Model

Epoch 19 - Train loss: 0.0030, Train cmAP1: 0.3246, Train cmAP5: 0.3747, Train mAP: 0.2595, Valid loss: 0.0037, Valid cmAP1: 0.8721, Valid cmAP5: 0.9302, Valid mAP: 0.8607
Epoch 19 - Save Best Score: 0.8721 Model

Epoch 20 - Train loss: 0.0031, Train cmAP1: 0.3115, Train cmAP5: 0.3625, Train mAP: 0.2462, Valid loss: 0.0039, Valid cmAP1: 0.8626, Valid cmAP5: 0.9261, Valid mAP: 0.8513
Valid loss didn't improve last 1 epochs.

Epoch 21 - Train loss: 0.0031, Train cmAP1: 0.3110, Train cmAP5: 0.3618, Train mAP: 0.2457, Valid loss: 0.0038, Valid cmAP1: 0.8644, Valid cmAP5: 0.9272, Valid mAP: 0.8565
Valid loss didn't improve last 2 epochs.

Epoch 22 - Train loss: 0.0030, Train cmAP1: 0.3168, Train cmAP5: 0.3677, Train mAP: 0.2503, Valid loss: 0.0037, Valid cmAP1: 0.8666, Valid cmAP5: 0.9285, Valid mAP: 0.8570
Valid loss didn't improve last 3 epochs.

Epoch 23 - Train loss: 0.0030, Train cmAP1: 0.3182, Train cmAP5: 0.3688, Train mAP: 0.2542, Valid loss: 0.0037, Valid cmAP1: 0.8690, Valid cmAP5: 0.9299, Valid mAP: 0.8614
Valid loss didn't improve last 4 epochs.

Epoch 24 - Train loss: 0.0029, Train cmAP1: 0.3202, Train cmAP5: 0.3712, Train mAP: 0.2574, Valid loss: 0.0037, Valid cmAP1: 0.8731, Valid cmAP5: 0.9313, Valid mAP: 0.8644
Epoch 24 - Save Best Score: 0.8731 Model

Epoch 25 - Train loss: 0.0029, Train cmAP1: 0.3235, Train cmAP5: 0.3741, Train mAP: 0.2598, Valid loss: 0.0036, Valid cmAP1: 0.8730, Valid cmAP5: 0.9324, Valid mAP: 0.8683
Valid loss didn't improve last 1 epochs.

Epoch 26 - Train loss: 0.0028, Train cmAP1: 0.3269, Train cmAP5: 0.3775, Train mAP: 0.2633, Valid loss: 0.0036, Valid cmAP1: 0.8761, Valid cmAP5: 0.9336, Valid mAP: 0.8705
Epoch 26 - Save Best Score: 0.8761 Model

Epoch 27 - Train loss: 0.0028, Train cmAP1: 0.3224, Train cmAP5: 0.3732, Train mAP: 0.2584, Valid loss: 0.0036, Valid cmAP1: 0.8746, Valid cmAP5: 0.9333, Valid mAP: 0.8698
Valid loss didn't improve last 1 epochs.

Epoch 28 - Train loss: 0.0028, Train cmAP1: 0.3275, Train cmAP5: 0.3780, Train mAP: 0.2634, Valid loss: 0.0036, Valid cmAP1: 0.8757, Valid cmAP5: 0.9337, Valid mAP: 0.8711
Valid loss didn't improve last 2 epochs.

Epoch 29 - Train loss: 0.0028, Train cmAP1: 0.3328, Train cmAP5: 0.3832, Train mAP: 0.2676, Valid loss: 0.0036, Valid cmAP1: 0.8755, Valid cmAP5: 0.9337, Valid mAP: 0.8714
Valid loss didn't improve last 3 epochs.

Epoch 30 - Train loss: 0.0029, Train cmAP1: 0.3188, Train cmAP5: 0.3697, Train mAP: 0.2541, Valid loss: 0.0037, Valid cmAP1: 0.8724, Valid cmAP5: 0.9308, Valid mAP: 0.8653
Valid loss didn't improve last 4 epochs.

Epoch 31 - Train loss: 0.0029, Train cmAP1: 0.3236, Train cmAP5: 0.3737, Train mAP: 0.2592, Valid loss: 0.0037, Valid cmAP1: 0.8732, Valid cmAP5: 0.9314, Valid mAP: 0.8646
Valid loss didn't improve last 5 epochs.

Epoch 32 - Train loss: 0.0029, Train cmAP1: 0.3186, Train cmAP5: 0.3695, Train mAP: 0.2544, Valid loss: 0.0036, Valid cmAP1: 0.8718, Valid cmAP5: 0.9312, Valid mAP: 0.8647
Valid loss didn't improve last 6 epochs.

Epoch 33 - Train loss: 0.0029, Train cmAP1: 0.3175, Train cmAP5: 0.3686, Train mAP: 0.2526, Valid loss: 0.0036, Valid cmAP1: 0.8744, Valid cmAP5: 0.9325, Valid mAP: 0.8656
Valid loss didn't improve last 7 epochs.

Epoch 34 - Train loss: 0.0028, Train cmAP1: 0.3249, Train cmAP5: 0.3759, Train mAP: 0.2617, Valid loss: 0.0036, Valid cmAP1: 0.8778, Valid cmAP5: 0.9341, Valid mAP: 0.8705
Epoch 34 - Save Best Score: 0.8778 Model

Epoch 35 - Train loss: 0.0028, Train cmAP1: 0.3269, Train cmAP5: 0.3774, Train mAP: 0.2644, Valid loss: 0.0036, Valid cmAP1: 0.8802, Valid cmAP5: 0.9353, Valid mAP: 0.8740
Epoch 35 - Save Best Score: 0.8802 Model

Epoch 36 - Train loss: 0.0027, Train cmAP1: 0.3269, Train cmAP5: 0.3777, Train mAP: 0.2640, Valid loss: 0.0035, Valid cmAP1: 0.8821, Valid cmAP5: 0.9362, Valid mAP: 0.8754
Epoch 36 - Save Best Score: 0.8821 Model

Epoch 37 - Train loss: 0.0027, Train cmAP1: 0.3353, Train cmAP5: 0.3853, Train mAP: 0.2719, Valid loss: 0.0035, Valid cmAP1: 0.8815, Valid cmAP5: 0.9362, Valid mAP: 0.8751
Valid loss didn't improve last 1 epochs.

Epoch 38 - Train loss: 0.0027, Train cmAP1: 0.3291, Train cmAP5: 0.3800, Train mAP: 0.2655, Valid loss: 0.0035, Valid cmAP1: 0.8835, Valid cmAP5: 0.9371, Valid mAP: 0.8772
Epoch 38 - Save Best Score: 0.8835 Model

Epoch 39 - Train loss: 0.0027, Train cmAP1: 0.3338, Train cmAP5: 0.3844, Train mAP: 0.2713, Valid loss: 0.0035, Valid cmAP1: 0.8838, Valid cmAP5: 0.9372, Valid mAP: 0.8772
Epoch 39 - Save Best Score: 0.8838 Model

Epoch 40 - Train loss: 0.0028, Train cmAP1: 0.3207, Train cmAP5: 0.3719, Train mAP: 0.2569, Valid loss: 0.0037, Valid cmAP1: 0.8757, Valid cmAP5: 0.9336, Valid mAP: 0.8706
Valid loss didn't improve last 1 epochs.

Epoch 41 - Train loss: 0.0029, Train cmAP1: 0.3273, Train cmAP5: 0.3781, Train mAP: 0.2624, Valid loss: 0.0037, Valid cmAP1: 0.8767, Valid cmAP5: 0.9335, Valid mAP: 0.8696
Valid loss didn't improve last 2 epochs.

Epoch 42 - Train loss: 0.0028, Train cmAP1: 0.3242, Train cmAP5: 0.3751, Train mAP: 0.2614, Valid loss: 0.0036, Valid cmAP1: 0.8798, Valid cmAP5: 0.9350, Valid mAP: 0.8720
Valid loss didn't improve last 3 epochs.

Epoch 43 - Train loss: 0.0027, Train cmAP1: 0.3303, Train cmAP5: 0.3809, Train mAP: 0.2673, Valid loss: 0.0036, Valid cmAP1: 0.8813, Valid cmAP5: 0.9362, Valid mAP: 0.8742
Valid loss didn't improve last 4 epochs.

Epoch 44 - Train loss: 0.0027, Train cmAP1: 0.3260, Train cmAP5: 0.3768, Train mAP: 0.2637, Valid loss: 0.0036, Valid cmAP1: 0.8811, Valid cmAP5: 0.9363, Valid mAP: 0.8759
Valid loss didn't improve last 5 epochs.

Epoch 45 - Train loss: 0.0027, Train cmAP1: 0.3377, Train cmAP5: 0.3878, Train mAP: 0.2735, Valid loss: 0.0035, Valid cmAP1: 0.8825, Valid cmAP5: 0.9368, Valid mAP: 0.8765
Valid loss didn't improve last 6 epochs.

Epoch 46 - Train loss: 0.0027, Train cmAP1: 0.3246, Train cmAP5: 0.3758, Train mAP: 0.2633, Valid loss: 0.0035, Valid cmAP1: 0.8824, Valid cmAP5: 0.9372, Valid mAP: 0.8780
Valid loss didn't improve last 7 epochs.

Epoch 47 - Train loss: 0.0026, Train cmAP1: 0.3398, Train cmAP5: 0.3900, Train mAP: 0.2768, Valid loss: 0.0035, Valid cmAP1: 0.8830, Valid cmAP5: 0.9369, Valid mAP: 0.8783
Valid loss didn't improve last 8 epochs.

Epoch 48 - Train loss: 0.0026, Train cmAP1: 0.3408, Train cmAP5: 0.3911, Train mAP: 0.2781, Valid loss: 0.0035, Valid cmAP1: 0.8838, Valid cmAP5: 0.9374, Valid mAP: 0.8786
Epoch 48 - Save Best Score: 0.8838 Model

Epoch 49 - Train loss: 0.0026, Train cmAP1: 0.3416, Train cmAP5: 0.3914, Train mAP: 0.2787, Valid loss: 0.0035, Valid cmAP1: 0.8842, Valid cmAP5: 0.9376, Valid mAP: 0.8788
Epoch 49 - Save Best Score: 0.8842 Model

Epoch 50 - Train loss: 0.0027, Train cmAP1: 0.3354, Train cmAP5: 0.3853, Train mAP: 0.2725, Valid loss: 0.0036, Valid cmAP1: 0.8771, Valid cmAP5: 0.9348, Valid mAP: 0.8728
Valid loss didn't improve last 1 epochs.

Epoch 51 - Train loss: 0.0028, Train cmAP1: 0.3292, Train cmAP5: 0.3799, Train mAP: 0.2649, Valid loss: 0.0036, Valid cmAP1: 0.8769, Valid cmAP5: 0.9340, Valid mAP: 0.8693
Valid loss didn't improve last 2 epochs.

Epoch 52 - Train loss: 0.0027, Train cmAP1: 0.3254, Train cmAP5: 0.3760, Train mAP: 0.2637, Valid loss: 0.0035, Valid cmAP1: 0.8810, Valid cmAP5: 0.9363, Valid mAP: 0.8745
Valid loss didn't improve last 3 epochs.

Epoch 53 - Train loss: 0.0027, Train cmAP1: 0.3366, Train cmAP5: 0.3867, Train mAP: 0.2731, Valid loss: 0.0036, Valid cmAP1: 0.8816, Valid cmAP5: 0.9369, Valid mAP: 0.8754
Valid loss didn't improve last 4 epochs.

Epoch 54 - Train loss: 0.0026, Train cmAP1: 0.3358, Train cmAP5: 0.3860, Train mAP: 0.2747, Valid loss: 0.0035, Valid cmAP1: 0.8846, Valid cmAP5: 0.9381, Valid mAP: 0.8790
Epoch 54 - Save Best Score: 0.8846 Model

Epoch 55 - Train loss: 0.0026, Train cmAP1: 0.3351, Train cmAP5: 0.3860, Train mAP: 0.2720, Valid loss: 0.0035, Valid cmAP1: 0.8851, Valid cmAP5: 0.9383, Valid mAP: 0.8792
Epoch 55 - Save Best Score: 0.8851 Model

Epoch 56 - Train loss: 0.0026, Train cmAP1: 0.3335, Train cmAP5: 0.3845, Train mAP: 0.2722, Valid loss: 0.0035, Valid cmAP1: 0.8847, Valid cmAP5: 0.9385, Valid mAP: 0.8792
Valid loss didn't improve last 1 epochs.

Epoch 57 - Train loss: 0.0026, Train cmAP1: 0.3430, Train cmAP5: 0.3929, Train mAP: 0.2807, Valid loss: 0.0035, Valid cmAP1: 0.8850, Valid cmAP5: 0.9384, Valid mAP: 0.8807
Valid loss didn't improve last 2 epochs.

Epoch 58 - Train loss: 0.0026, Train cmAP1: 0.3430, Train cmAP5: 0.3933, Train mAP: 0.2802, Valid loss: 0.0035, Valid cmAP1: 0.8855, Valid cmAP5: 0.9388, Valid mAP: 0.8818
Epoch 58 - Save Best Score: 0.8855 Model

Epoch 59 - Train loss: 0.0026, Train cmAP1: 0.3378, Train cmAP5: 0.3884, Train mAP: 0.2766, Valid loss: 0.0034, Valid cmAP1: 0.8859, Valid cmAP5: 0.9389, Valid mAP: 0.8819
Epoch 59 - Save Best Score: 0.8859 Model

Epoch 60 - Train loss: 0.0027, Train cmAP1: 0.3343, Train cmAP5: 0.3849, Train mAP: 0.2715, Valid loss: 0.0036, Valid cmAP1: 0.8799, Valid cmAP5: 0.9359, Valid mAP: 0.8734
Valid loss didn't improve last 1 epochs.

Epoch 61 - Train loss: 0.0027, Train cmAP1: 0.3338, Train cmAP5: 0.3843, Train mAP: 0.2712, Valid loss: 0.0036, Valid cmAP1: 0.8819, Valid cmAP5: 0.9372, Valid mAP: 0.8755
Valid loss didn't improve last 2 epochs.

Epoch 62 - Train loss: 0.0027, Train cmAP1: 0.3371, Train cmAP5: 0.3874, Train mAP: 0.2751, Valid loss: 0.0035, Valid cmAP1: 0.8850, Valid cmAP5: 0.9382, Valid mAP: 0.8764
Valid loss didn't improve last 3 epochs.

Epoch 63 - Train loss: 0.0026, Train cmAP1: 0.3380, Train cmAP5: 0.3883, Train mAP: 0.2740, Valid loss: 0.0035, Valid cmAP1: 0.8834, Valid cmAP5: 0.9385, Valid mAP: 0.8782
Valid loss didn't improve last 4 epochs.

Epoch 64 - Train loss: 0.0026, Train cmAP1: 0.3383, Train cmAP5: 0.3886, Train mAP: 0.2772, Valid loss: 0.0035, Valid cmAP1: 0.8859, Valid cmAP5: 0.9392, Valid mAP: 0.8790
Valid loss didn't improve last 5 epochs.

Epoch 65 - Train loss: 0.0026, Train cmAP1: 0.3440, Train cmAP5: 0.3944, Train mAP: 0.2809, Valid loss: 0.0035, Valid cmAP1: 0.8879, Valid cmAP5: 0.9405, Valid mAP: 0.8828
Epoch 65 - Save Best Score: 0.8879 Model

Epoch 66 - Train loss: 0.0026, Train cmAP1: 0.3389, Train cmAP5: 0.3894, Train mAP: 0.2771, Valid loss: 0.0035, Valid cmAP1: 0.8859, Valid cmAP5: 0.9395, Valid mAP: 0.8813
Valid loss didn't improve last 1 epochs.

Epoch 67 - Train loss: 0.0025, Train cmAP1: 0.3350, Train cmAP5: 0.3859, Train mAP: 0.2732, Valid loss: 0.0034, Valid cmAP1: 0.8877, Valid cmAP5: 0.9403, Valid mAP: 0.8837
Valid loss didn't improve last 2 epochs.

Epoch 68 - Train loss: 0.0025, Train cmAP1: 0.3433, Train cmAP5: 0.3936, Train mAP: 0.2821, Valid loss: 0.0034, Valid cmAP1: 0.8889, Valid cmAP5: 0.9409, Valid mAP: 0.8851
Epoch 68 - Save Best Score: 0.8889 Model

Epoch 69 - Train loss: 0.0025, Train cmAP1: 0.3402, Train cmAP5: 0.3905, Train mAP: 0.2775, Valid loss: 0.0034, Valid cmAP1: 0.8888, Valid cmAP5: 0.9408, Valid mAP: 0.8848
Valid loss didn't improve last 1 epochs.

Epoch 70 - Train loss: 0.0026, Train cmAP1: 0.3345, Train cmAP5: 0.3851, Train mAP: 0.2709, Valid loss: 0.0036, Valid cmAP1: 0.8870, Valid cmAP5: 0.9386, Valid mAP: 0.8764
Valid loss didn't improve last 2 epochs.

Epoch 71 - Train loss: 0.0026, Train cmAP1: 0.3358, Train cmAP5: 0.3863, Train mAP: 0.2732, Valid loss: 0.0035, Valid cmAP1: 0.8854, Valid cmAP5: 0.9385, Valid mAP: 0.8796
Valid loss didn't improve last 3 epochs.

Epoch 72 - Train loss: 0.0026, Train cmAP1: 0.3337, Train cmAP5: 0.3845, Train mAP: 0.2727, Valid loss: 0.0035, Valid cmAP1: 0.8845, Valid cmAP5: 0.9388, Valid mAP: 0.8807
Valid loss didn't improve last 4 epochs.

Epoch 73 - Train loss: 0.0026, Train cmAP1: 0.3419, Train cmAP5: 0.3922, Train mAP: 0.2780, Valid loss: 0.0035, Valid cmAP1: 0.8858, Valid cmAP5: 0.9389, Valid mAP: 0.8787
Valid loss didn't improve last 5 epochs.

Epoch 74 - Train loss: 0.0026, Train cmAP1: 0.3401, Train cmAP5: 0.3906, Train mAP: 0.2787, Valid loss: 0.0035, Valid cmAP1: 0.8835, Valid cmAP5: 0.9389, Valid mAP: 0.8829
Valid loss didn't improve last 6 epochs.

Epoch 75 - Train loss: 0.0025, Train cmAP1: 0.3499, Train cmAP5: 0.3998, Train mAP: 0.2871, Valid loss: 0.0034, Valid cmAP1: 0.8849, Valid cmAP5: 0.9399, Valid mAP: 0.8832
Valid loss didn't improve last 7 epochs.

Epoch 76 - Train loss: 0.0025, Train cmAP1: 0.3494, Train cmAP5: 0.3995, Train mAP: 0.2867, Valid loss: 0.0034, Valid cmAP1: 0.8856, Valid cmAP5: 0.9403, Valid mAP: 0.8843
Valid loss didn't improve last 8 epochs.

Epoch 77 - Train loss: 0.0025, Train cmAP1: 0.3442, Train cmAP5: 0.3945, Train mAP: 0.2835, Valid loss: 0.0034, Valid cmAP1: 0.8867, Valid cmAP5: 0.9407, Valid mAP: 0.8848
Valid loss didn't improve last 9 epochs.

Epoch 78 - Train loss: 0.0025, Train cmAP1: 0.3451, Train cmAP5: 0.3953, Train mAP: 0.2832, Valid loss: 0.0034, Valid cmAP1: 0.8859, Valid cmAP5: 0.9407, Valid mAP: 0.8853
Valid loss didn't improve last 10 epochs.

Epoch 79 - Train loss: 0.0025, Train cmAP1: 0.3473, Train cmAP5: 0.3977, Train mAP: 0.2839, Valid loss: 0.0034, Valid cmAP1: 0.8861, Valid cmAP5: 0.9408, Valid mAP: 0.8854
Valid loss didn't improve last 11 epochs.

Epoch 80 - Train loss: 0.0026, Train cmAP1: 0.3367, Train cmAP5: 0.3872, Train mAP: 0.2733, Valid loss: 0.0035, Valid cmAP1: 0.8801, Valid cmAP5: 0.9369, Valid mAP: 0.8764
Valid loss didn't improve last 12 epochs.

Epoch 81 - Train loss: 0.0026, Train cmAP1: 0.3445, Train cmAP5: 0.3946, Train mAP: 0.2816, Valid loss: 0.0035, Valid cmAP1: 0.8824, Valid cmAP5: 0.9383, Valid mAP: 0.8812
Valid loss didn't improve last 13 epochs.

Epoch 82 - Train loss: 0.0026, Train cmAP1: 0.3382, Train cmAP5: 0.3886, Train mAP: 0.2755, Valid loss: 0.0035, Valid cmAP1: 0.8810, Valid cmAP5: 0.9374, Valid mAP: 0.8772
Valid loss didn't improve last 14 epochs.

Epoch 83 - Train loss: 0.0026, Train cmAP1: 0.3455, Train cmAP5: 0.3956, Train mAP: 0.2822, Valid loss: 0.0035, Valid cmAP1: 0.8871, Valid cmAP5: 0.9400, Valid mAP: 0.8838
Valid loss didn't improve last 15 epochs.

Epoch 84 - Train loss: 0.0025, Train cmAP1: 0.3430, Train cmAP5: 0.3931, Train mAP: 0.2808, Valid loss: 0.0035, Valid cmAP1: 0.8878, Valid cmAP5: 0.9408, Valid mAP: 0.8859
Valid loss didn't improve last 16 epochs.

Epoch 85 - Train loss: 0.0025, Train cmAP1: 0.3440, Train cmAP5: 0.3938, Train mAP: 0.2805, Valid loss: 0.0035, Valid cmAP1: 0.8891, Valid cmAP5: 0.9413, Valid mAP: 0.8863
Epoch 85 - Save Best Score: 0.8891 Model

Epoch 86 - Train loss: 0.0025, Train cmAP1: 0.3456, Train cmAP5: 0.3958, Train mAP: 0.2837, Valid loss: 0.0034, Valid cmAP1: 0.8891, Valid cmAP5: 0.9412, Valid mAP: 0.8854
Valid loss didn't improve last 1 epochs.

Epoch 87 - Train loss: 0.0024, Train cmAP1: 0.3480, Train cmAP5: 0.3982, Train mAP: 0.2859, Valid loss: 0.0034, Valid cmAP1: 0.8895, Valid cmAP5: 0.9415, Valid mAP: 0.8881
Epoch 87 - Save Best Score: 0.8895 Model

Epoch 88 - Train loss: 0.0024, Train cmAP1: 0.3431, Train cmAP5: 0.3934, Train mAP: 0.2815, Valid loss: 0.0034, Valid cmAP1: 0.8898, Valid cmAP5: 0.9417, Valid mAP: 0.8882
Epoch 88 - Save Best Score: 0.8898 Model

Epoch 89 - Train loss: 0.0024, Train cmAP1: 0.3496, Train cmAP5: 0.3997, Train mAP: 0.2875, Valid loss: 0.0034, Valid cmAP1: 0.8904, Valid cmAP5: 0.9421, Valid mAP: 0.8886
Epoch 89 - Save Best Score: 0.8904 Model

Epoch 90 - Train loss: 0.0025, Train cmAP1: 0.3448, Train cmAP5: 0.3949, Train mAP: 0.2831, Valid loss: 0.0034, Valid cmAP1: 0.8910, Valid cmAP5: 0.9407, Valid mAP: 0.8815
Epoch 90 - Save Best Score: 0.8910 Model

Epoch 91 - Train loss: 0.0026, Train cmAP1: 0.3368, Train cmAP5: 0.3873, Train mAP: 0.2758, Valid loss: 0.0035, Valid cmAP1: 0.8869, Valid cmAP5: 0.9404, Valid mAP: 0.8825
Valid loss didn't improve last 1 epochs.

Epoch 92 - Train loss: 0.0025, Train cmAP1: 0.3371, Train cmAP5: 0.3879, Train mAP: 0.2744, Valid loss: 0.0035, Valid cmAP1: 0.8847, Valid cmAP5: 0.9396, Valid mAP: 0.8805
Valid loss didn't improve last 2 epochs.

Epoch 93 - Train loss: 0.0025, Train cmAP1: 0.3457, Train cmAP5: 0.3960, Train mAP: 0.2830, Valid loss: 0.0035, Valid cmAP1: 0.8890, Valid cmAP5: 0.9406, Valid mAP: 0.8831
Valid loss didn't improve last 3 epochs.

Epoch 94 - Train loss: 0.0025, Train cmAP1: 0.3402, Train cmAP5: 0.3908, Train mAP: 0.2782, Valid loss: 0.0034, Valid cmAP1: 0.8876, Valid cmAP5: 0.9407, Valid mAP: 0.8842
Valid loss didn't improve last 4 epochs.

Epoch 95 - Train loss: 0.0024, Train cmAP1: 0.3465, Train cmAP5: 0.3970, Train mAP: 0.2855, Valid loss: 0.0035, Valid cmAP1: 0.8900, Valid cmAP5: 0.9419, Valid mAP: 0.8872
Valid loss didn't improve last 5 epochs.

Epoch 96 - Train loss: 0.0024, Train cmAP1: 0.3465, Train cmAP5: 0.3967, Train mAP: 0.2853, Valid loss: 0.0034, Valid cmAP1: 0.8879, Valid cmAP5: 0.9412, Valid mAP: 0.8863
Valid loss didn't improve last 6 epochs.

Epoch 97 - Train loss: 0.0024, Train cmAP1: 0.3479, Train cmAP5: 0.3980, Train mAP: 0.2856, Valid loss: 0.0034, Valid cmAP1: 0.8895, Valid cmAP5: 0.9419, Valid mAP: 0.8883
Valid loss didn't improve last 7 epochs.

Epoch 98 - Train loss: 0.0024, Train cmAP1: 0.3463, Train cmAP5: 0.3965, Train mAP: 0.2845, Valid loss: 0.0034, Valid cmAP1: 0.8897, Valid cmAP5: 0.9418, Valid mAP: 0.8881
Valid loss didn't improve last 8 epochs.

Epoch 99 - Train loss: 0.0024, Train cmAP1: 0.3493, Train cmAP5: 0.3993, Train mAP: 0.2891, Valid loss: 0.0034, Valid cmAP1: 0.8893, Valid cmAP5: 0.9418, Valid mAP: 0.8884
Valid loss didn't improve last 9 epochs.

Epoch 100 - Train loss: 0.0025, Train cmAP1: 0.3461, Train cmAP5: 0.3964, Train mAP: 0.2837, Valid loss: 0.0035, Valid cmAP1: 0.8860, Valid cmAP5: 0.9393, Valid mAP: 0.8803
Valid loss didn't improve last 10 epochs.

Epoch 101 - Train loss: 0.0025, Train cmAP1: 0.3451, Train cmAP5: 0.3952, Train mAP: 0.2848, Valid loss: 0.0035, Valid cmAP1: 0.8881, Valid cmAP5: 0.9400, Valid mAP: 0.8807
Valid loss didn't improve last 11 epochs.

Epoch 102 - Train loss: 0.0025, Train cmAP1: 0.3425, Train cmAP5: 0.3929, Train mAP: 0.2818, Valid loss: 0.0035, Valid cmAP1: 0.8907, Valid cmAP5: 0.9412, Valid mAP: 0.8838
Valid loss didn't improve last 12 epochs.

Epoch 103 - Train loss: 0.0025, Train cmAP1: 0.3458, Train cmAP5: 0.3959, Train mAP: 0.2829, Valid loss: 0.0035, Valid cmAP1: 0.8894, Valid cmAP5: 0.9408, Valid mAP: 0.8849
Valid loss didn't improve last 13 epochs.

Epoch 104 - Train loss: 0.0025, Train cmAP1: 0.3448, Train cmAP5: 0.3952, Train mAP: 0.2843, Valid loss: 0.0035, Valid cmAP1: 0.8884, Valid cmAP5: 0.9406, Valid mAP: 0.8849
Valid loss didn't improve last 14 epochs.

Epoch 105 - Train loss: 0.0024, Train cmAP1: 0.3455, Train cmAP5: 0.3958, Train mAP: 0.2836, Valid loss: 0.0035, Valid cmAP1: 0.8888, Valid cmAP5: 0.9413, Valid mAP: 0.8871
Valid loss didn't improve last 15 epochs.

Epoch 106 - Train loss: 0.0024, Train cmAP1: 0.3512, Train cmAP5: 0.4013, Train mAP: 0.2895, Valid loss: 0.0034, Valid cmAP1: 0.8916, Valid cmAP5: 0.9421, Valid mAP: 0.8874
Epoch 106 - Save Best Score: 0.8916 Model

Epoch 107 - Train loss: 0.0024, Train cmAP1: 0.3512, Train cmAP5: 0.4013, Train mAP: 0.2893, Valid loss: 0.0034, Valid cmAP1: 0.8904, Valid cmAP5: 0.9420, Valid mAP: 0.8881
Valid loss didn't improve last 1 epochs.

Epoch 108 - Train loss: 0.0024, Train cmAP1: 0.3538, Train cmAP5: 0.4039, Train mAP: 0.2931, Valid loss: 0.0034, Valid cmAP1: 0.8906, Valid cmAP5: 0.9420, Valid mAP: 0.8884
Valid loss didn't improve last 2 epochs.

Epoch 109 - Train loss: 0.0024, Train cmAP1: 0.3480, Train cmAP5: 0.3984, Train mAP: 0.2855, Valid loss: 0.0034, Valid cmAP1: 0.8908, Valid cmAP5: 0.9420, Valid mAP: 0.8886
Valid loss didn't improve last 3 epochs.

Epoch 110 - Train loss: 0.0025, Train cmAP1: 0.3466, Train cmAP5: 0.3967, Train mAP: 0.2852, Valid loss: 0.0036, Valid cmAP1: 0.8851, Valid cmAP5: 0.9392, Valid mAP: 0.8807
Valid loss didn't improve last 4 epochs.

Epoch 111 - Train loss: 0.0025, Train cmAP1: 0.3455, Train cmAP5: 0.3957, Train mAP: 0.2829, Valid loss: 0.0035, Valid cmAP1: 0.8885, Valid cmAP5: 0.9402, Valid mAP: 0.8814
Valid loss didn't improve last 5 epochs.

Epoch 112 - Train loss: 0.0025, Train cmAP1: 0.3412, Train cmAP5: 0.3917, Train mAP: 0.2793, Valid loss: 0.0034, Valid cmAP1: 0.8881, Valid cmAP5: 0.9406, Valid mAP: 0.8829
Valid loss didn't improve last 6 epochs.

Epoch 113 - Train loss: 0.0025, Train cmAP1: 0.3425, Train cmAP5: 0.3931, Train mAP: 0.2818, Valid loss: 0.0035, Valid cmAP1: 0.8889, Valid cmAP5: 0.9415, Valid mAP: 0.8861
Valid loss didn't improve last 7 epochs.

Epoch 114 - Train loss: 0.0024, Train cmAP1: 0.3542, Train cmAP5: 0.4040, Train mAP: 0.2929, Valid loss: 0.0035, Valid cmAP1: 0.8874, Valid cmAP5: 0.9406, Valid mAP: 0.8856
Valid loss didn't improve last 8 epochs.

Epoch 115 - Train loss: 0.0024, Train cmAP1: 0.3504, Train cmAP5: 0.4004, Train mAP: 0.2898, Valid loss: 0.0034, Valid cmAP1: 0.8897, Valid cmAP5: 0.9418, Valid mAP: 0.8869
Valid loss didn't improve last 9 epochs.

Epoch 116 - Train loss: 0.0024, Train cmAP1: 0.3509, Train cmAP5: 0.4009, Train mAP: 0.2895, Valid loss: 0.0034, Valid cmAP1: 0.8910, Valid cmAP5: 0.9421, Valid mAP: 0.8880
Valid loss didn't improve last 10 epochs.

Epoch 117 - Train loss: 0.0024, Train cmAP1: 0.3487, Train cmAP5: 0.3989, Train mAP: 0.2879, Valid loss: 0.0034, Valid cmAP1: 0.8892, Valid cmAP5: 0.9418, Valid mAP: 0.8889
Valid loss didn't improve last 11 epochs.

Epoch 118 - Train loss: 0.0023, Train cmAP1: 0.3558, Train cmAP5: 0.4056, Train mAP: 0.2968, Valid loss: 0.0034, Valid cmAP1: 0.8901, Valid cmAP5: 0.9423, Valid mAP: 0.8899
Valid loss didn't improve last 12 epochs.

Epoch 119 - Train loss: 0.0023, Train cmAP1: 0.3533, Train cmAP5: 0.4032, Train mAP: 0.2915, Valid loss: 0.0034, Valid cmAP1: 0.8900, Valid cmAP5: 0.9423, Valid mAP: 0.8902
Valid loss didn't improve last 13 epochs.

Epoch 120 - Train loss: 0.0025, Train cmAP1: 0.3504, Train cmAP5: 0.4001, Train mAP: 0.2888, Valid loss: 0.0035, Valid cmAP1: 0.8841, Valid cmAP5: 0.9381, Valid mAP: 0.8798
Valid loss didn't improve last 14 epochs.

Epoch 121 - Train loss: 0.0025, Train cmAP1: 0.3437, Train cmAP5: 0.3939, Train mAP: 0.2815, Valid loss: 0.0035, Valid cmAP1: 0.8884, Valid cmAP5: 0.9410, Valid mAP: 0.8844
Valid loss didn't improve last 15 epochs.

Epoch 122 - Train loss: 0.0024, Train cmAP1: 0.3425, Train cmAP5: 0.3927, Train mAP: 0.2819, Valid loss: 0.0035, Valid cmAP1: 0.8869, Valid cmAP5: 0.9399, Valid mAP: 0.8835
Valid loss didn't improve last 16 epochs.

Epoch 123 - Train loss: 0.0024, Train cmAP1: 0.3563, Train cmAP5: 0.4060, Train mAP: 0.2950, Valid loss: 0.0035, Valid cmAP1: 0.8867, Valid cmAP5: 0.9407, Valid mAP: 0.8849
Valid loss didn't improve last 17 epochs.

Epoch 124 - Train loss: 0.0024, Train cmAP1: 0.3475, Train cmAP5: 0.3978, Train mAP: 0.2871, Valid loss: 0.0034, Valid cmAP1: 0.8923, Valid cmAP5: 0.9429, Valid mAP: 0.8891
Epoch 124 - Save Best Score: 0.8923 Model

Epoch 125 - Train loss: 0.0024, Train cmAP1: 0.3535, Train cmAP5: 0.4035, Train mAP: 0.2920, Valid loss: 0.0034, Valid cmAP1: 0.8939, Valid cmAP5: 0.9434, Valid mAP: 0.8894
Epoch 125 - Save Best Score: 0.8939 Model

Epoch 126 - Train loss: 0.0024, Train cmAP1: 0.3510, Train cmAP5: 0.4011, Train mAP: 0.2891, Valid loss: 0.0034, Valid cmAP1: 0.8938, Valid cmAP5: 0.9432, Valid mAP: 0.8881
Valid loss didn't improve last 1 epochs.

Epoch 127 - Train loss: 0.0023, Train cmAP1: 0.3510, Train cmAP5: 0.4014, Train mAP: 0.2887, Valid loss: 0.0034, Valid cmAP1: 0.8962, Valid cmAP5: 0.9439, Valid mAP: 0.8892
Epoch 127 - Save Best Score: 0.8962 Model

Epoch 128 - Train loss: 0.0023, Train cmAP1: 0.3572, Train cmAP5: 0.4069, Train mAP: 0.2947, Valid loss: 0.0034, Valid cmAP1: 0.8955, Valid cmAP5: 0.9439, Valid mAP: 0.8897
Valid loss didn't improve last 1 epochs.

Epoch 129 - Train loss: 0.0023, Train cmAP1: 0.3522, Train cmAP5: 0.4023, Train mAP: 0.2887, Valid loss: 0.0034, Valid cmAP1: 0.8956, Valid cmAP5: 0.9439, Valid mAP: 0.8898
Valid loss didn't improve last 2 epochs.

Epoch 130 - Train loss: 0.0024, Train cmAP1: 0.3487, Train cmAP5: 0.3991, Train mAP: 0.2878, Valid loss: 0.0035, Valid cmAP1: 0.8846, Valid cmAP5: 0.9392, Valid mAP: 0.8818
Valid loss didn't improve last 3 epochs.

Epoch 131 - Train loss: 0.0024, Train cmAP1: 0.3472, Train cmAP5: 0.3973, Train mAP: 0.2855, Valid loss: 0.0035, Valid cmAP1: 0.8899, Valid cmAP5: 0.9420, Valid mAP: 0.8845
Valid loss didn't improve last 4 epochs.

Epoch 132 - Train loss: 0.0024, Train cmAP1: 0.3492, Train cmAP5: 0.3992, Train mAP: 0.2881, Valid loss: 0.0035, Valid cmAP1: 0.8921, Valid cmAP5: 0.9423, Valid mAP: 0.8873
Valid loss didn't improve last 5 epochs.

Epoch 133 - Train loss: 0.0024, Train cmAP1: 0.3516, Train cmAP5: 0.4019, Train mAP: 0.2901, Valid loss: 0.0034, Valid cmAP1: 0.8874, Valid cmAP5: 0.9407, Valid mAP: 0.8847
Valid loss didn't improve last 6 epochs.

Epoch 134 - Train loss: 0.0024, Train cmAP1: 0.3450, Train cmAP5: 0.3959, Train mAP: 0.2840, Valid loss: 0.0034, Valid cmAP1: 0.8946, Valid cmAP5: 0.9436, Valid mAP: 0.8882
Valid loss didn't improve last 7 epochs.

Epoch 135 - Train loss: 0.0024, Train cmAP1: 0.3494, Train cmAP5: 0.3995, Train mAP: 0.2879, Valid loss: 0.0034, Valid cmAP1: 0.8929, Valid cmAP5: 0.9429, Valid mAP: 0.8892
Valid loss didn't improve last 8 epochs.

Epoch 136 - Train loss: 0.0023, Train cmAP1: 0.3578, Train cmAP5: 0.4074, Train mAP: 0.2982, Valid loss: 0.0034, Valid cmAP1: 0.8936, Valid cmAP5: 0.9433, Valid mAP: 0.8904
Valid loss didn't improve last 9 epochs.

Epoch 137 - Train loss: 0.0023, Train cmAP1: 0.3539, Train cmAP5: 0.4040, Train mAP: 0.2943, Valid loss: 0.0034, Valid cmAP1: 0.8942, Valid cmAP5: 0.9437, Valid mAP: 0.8909
Valid loss didn't improve last 10 epochs.

Epoch 138 - Train loss: 0.0023, Train cmAP1: 0.3559, Train cmAP5: 0.4061, Train mAP: 0.2943, Valid loss: 0.0034, Valid cmAP1: 0.8953, Valid cmAP5: 0.9442, Valid mAP: 0.8919
Valid loss didn't improve last 11 epochs.

Epoch 139 - Train loss: 0.0023, Train cmAP1: 0.3564, Train cmAP5: 0.4066, Train mAP: 0.2971, Valid loss: 0.0034, Valid cmAP1: 0.8954, Valid cmAP5: 0.9442, Valid mAP: 0.8919
Valid loss didn't improve last 12 epochs.

Epoch 140 - Train loss: 0.0024, Train cmAP1: 0.3530, Train cmAP5: 0.4031, Train mAP: 0.2916, Valid loss: 0.0035, Valid cmAP1: 0.8909, Valid cmAP5: 0.9413, Valid mAP: 0.8824
Valid loss didn't improve last 13 epochs.

Epoch 141 - Train loss: 0.0024, Train cmAP1: 0.3460, Train cmAP5: 0.3963, Train mAP: 0.2863, Valid loss: 0.0035, Valid cmAP1: 0.8897, Valid cmAP5: 0.9417, Valid mAP: 0.8836
Valid loss didn't improve last 14 epochs.

Epoch 142 - Train loss: 0.0024, Train cmAP1: 0.3472, Train cmAP5: 0.3975, Train mAP: 0.2845, Valid loss: 0.0035, Valid cmAP1: 0.8891, Valid cmAP5: 0.9413, Valid mAP: 0.8857
Valid loss didn't improve last 15 epochs.

Epoch 143 - Train loss: 0.0024, Train cmAP1: 0.3505, Train cmAP5: 0.4006, Train mAP: 0.2892, Valid loss: 0.0034, Valid cmAP1: 0.8931, Valid cmAP5: 0.9433, Valid mAP: 0.8881
Valid loss didn't improve last 16 epochs.

Epoch 144 - Train loss: 0.0024, Train cmAP1: 0.3467, Train cmAP5: 0.3972, Train mAP: 0.2847, Valid loss: 0.0034, Valid cmAP1: 0.8939, Valid cmAP5: 0.9438, Valid mAP: 0.8900
Valid loss didn't improve last 17 epochs.

Epoch 145 - Train loss: 0.0024, Train cmAP1: 0.3520, Train cmAP5: 0.4019, Train mAP: 0.2908, Valid loss: 0.0034, Valid cmAP1: 0.8962, Valid cmAP5: 0.9447, Valid mAP: 0.8924
Valid loss didn't improve last 18 epochs.

Epoch 146 - Train loss: 0.0023, Train cmAP1: 0.3564, Train cmAP5: 0.4060, Train mAP: 0.2953, Valid loss: 0.0034, Valid cmAP1: 0.8966, Valid cmAP5: 0.9450, Valid mAP: 0.8921
Epoch 146 - Save Best Score: 0.8966 Model

Epoch 147 - Train loss: 0.0023, Train cmAP1: 0.3587, Train cmAP5: 0.4085, Train mAP: 0.2982, Valid loss: 0.0034, Valid cmAP1: 0.8956, Valid cmAP5: 0.9446, Valid mAP: 0.8932
Valid loss didn't improve last 1 epochs.

Epoch 148 - Train loss: 0.0023, Train cmAP1: 0.3499, Train cmAP5: 0.4005, Train mAP: 0.2891, Valid loss: 0.0034, Valid cmAP1: 0.8976, Valid cmAP5: 0.9452, Valid mAP: 0.8932
Epoch 148 - Save Best Score: 0.8976 Model

Epoch 149 - Train loss: 0.0023, Train cmAP1: 0.3542, Train cmAP5: 0.4043, Train mAP: 0.2923, Valid loss: 0.0034, Valid cmAP1: 0.8972, Valid cmAP5: 0.9450, Valid mAP: 0.8932
Valid loss didn't improve last 1 epochs.

Epoch 150 - Train loss: 0.0024, Train cmAP1: 0.3503, Train cmAP5: 0.4005, Train mAP: 0.2887, Valid loss: 0.0035, Valid cmAP1: 0.8909, Valid cmAP5: 0.9419, Valid mAP: 0.8863
Valid loss didn't improve last 2 epochs.

Epoch 151 - Train loss: 0.0024, Train cmAP1: 0.3439, Train cmAP5: 0.3945, Train mAP: 0.2824, Valid loss: 0.0035, Valid cmAP1: 0.8890, Valid cmAP5: 0.9413, Valid mAP: 0.8862
Valid loss didn't improve last 3 epochs.

Epoch 152 - Train loss: 0.0024, Train cmAP1: 0.3455, Train cmAP5: 0.3958, Train mAP: 0.2840, Valid loss: 0.0035, Valid cmAP1: 0.8891, Valid cmAP5: 0.9411, Valid mAP: 0.8861
Valid loss didn't improve last 4 epochs.

Epoch 153 - Train loss: 0.0024, Train cmAP1: 0.3571, Train cmAP5: 0.4065, Train mAP: 0.2967, Valid loss: 0.0035, Valid cmAP1: 0.8883, Valid cmAP5: 0.9412, Valid mAP: 0.8860
Valid loss didn't improve last 5 epochs.

Epoch 154 - Train loss: 0.0023, Train cmAP1: 0.3528, Train cmAP5: 0.4029, Train mAP: 0.2913, Valid loss: 0.0035, Valid cmAP1: 0.8895, Valid cmAP5: 0.9423, Valid mAP: 0.8875
Valid loss didn't improve last 6 epochs.

Epoch 155 - Train loss: 0.0023, Train cmAP1: 0.3536, Train cmAP5: 0.4035, Train mAP: 0.2937, Valid loss: 0.0034, Valid cmAP1: 0.8909, Valid cmAP5: 0.9422, Valid mAP: 0.8892
Valid loss didn't improve last 7 epochs.

Epoch 156 - Train loss: 0.0023, Train cmAP1: 0.3530, Train cmAP5: 0.4032, Train mAP: 0.2929, Valid loss: 0.0034, Valid cmAP1: 0.8911, Valid cmAP5: 0.9422, Valid mAP: 0.8885
Valid loss didn't improve last 8 epochs.

Epoch 157 - Train loss: 0.0023, Train cmAP1: 0.3564, Train cmAP5: 0.4063, Train mAP: 0.2943, Valid loss: 0.0034, Valid cmAP1: 0.8896, Valid cmAP5: 0.9421, Valid mAP: 0.8904
Valid loss didn't improve last 9 epochs.

Epoch 158 - Train loss: 0.0022, Train cmAP1: 0.3584, Train cmAP5: 0.4084, Train mAP: 0.2982, Valid loss: 0.0034, Valid cmAP1: 0.8897, Valid cmAP5: 0.9421, Valid mAP: 0.8899
Valid loss didn't improve last 10 epochs.

Epoch 159 - Train loss: 0.0023, Train cmAP1: 0.3584, Train cmAP5: 0.4084, Train mAP: 0.2983, Valid loss: 0.0034, Valid cmAP1: 0.8901, Valid cmAP5: 0.9422, Valid mAP: 0.8900
Valid loss didn't improve last 11 epochs.

Epoch 160 - Train loss: 0.0024, Train cmAP1: 0.3481, Train cmAP5: 0.3986, Train mAP: 0.2860, Valid loss: 0.0035, Valid cmAP1: 0.8873, Valid cmAP5: 0.9410, Valid mAP: 0.8847
Valid loss didn't improve last 12 epochs.

Epoch 161 - Train loss: 0.0024, Train cmAP1: 0.3454, Train cmAP5: 0.3962, Train mAP: 0.2830, Valid loss: 0.0035, Valid cmAP1: 0.8896, Valid cmAP5: 0.9409, Valid mAP: 0.8824
Valid loss didn't improve last 13 epochs.

Epoch 162 - Train loss: 0.0023, Train cmAP1: 0.3545, Train cmAP5: 0.4046, Train mAP: 0.2934, Valid loss: 0.0035, Valid cmAP1: 0.8857, Valid cmAP5: 0.9393, Valid mAP: 0.8823
Valid loss didn't improve last 14 epochs.

Epoch 163 - Train loss: 0.0023, Train cmAP1: 0.3515, Train cmAP5: 0.4017, Train mAP: 0.2905, Valid loss: 0.0035, Valid cmAP1: 0.8884, Valid cmAP5: 0.9411, Valid mAP: 0.8847
Valid loss didn't improve last 15 epochs.

Epoch 164 - Train loss: 0.0023, Train cmAP1: 0.3551, Train cmAP5: 0.4049, Train mAP: 0.2930, Valid loss: 0.0034, Valid cmAP1: 0.8880, Valid cmAP5: 0.9414, Valid mAP: 0.8876
Valid loss didn't improve last 16 epochs.

Epoch 165 - Train loss: 0.0023, Train cmAP1: 0.3492, Train cmAP5: 0.3998, Train mAP: 0.2887, Valid loss: 0.0034, Valid cmAP1: 0.8888, Valid cmAP5: 0.9414, Valid mAP: 0.8860
Valid loss didn't improve last 17 epochs.

Epoch 166 - Train loss: 0.0023, Train cmAP1: 0.3534, Train cmAP5: 0.4038, Train mAP: 0.2930, Valid loss: 0.0034, Valid cmAP1: 0.8914, Valid cmAP5: 0.9421, Valid mAP: 0.8894
Valid loss didn't improve last 18 epochs.

Epoch 167 - Train loss: 0.0022, Train cmAP1: 0.3558, Train cmAP5: 0.4059, Train mAP: 0.2949, Valid loss: 0.0034, Valid cmAP1: 0.8900, Valid cmAP5: 0.9419, Valid mAP: 0.8887
Valid loss didn't improve last 19 epochs.

Epoch 168 - Train loss: 0.0022, Train cmAP1: 0.3560, Train cmAP5: 0.4057, Train mAP: 0.2954, Valid loss: 0.0034, Valid cmAP1: 0.8914, Valid cmAP5: 0.9423, Valid mAP: 0.8895
Valid loss didn't improve last 20 epochs.

Early stop, Training End.

training done!
