(70941, 15)
==========================================================================================
Fold 0 Training
==========================================================================================
(63846, 15)
houspa     746
mallar3    531
norcar     512
comrav     450
spotow     450
          ... 
akikik       2
shtsan       2
crehon       2
hawpet1      2
maupar       1
Name: primary_label, Length: 506, dtype: int64
(7095, 15)
houspa     83
mallar3    59
norcar     57
houwre     50
gbwwre1    50
           ..
buffle      1
aniani      1
barpet      1
kauama      1
palila      1
Name: primary_label, Length: 495, dtype: int64
Epoch 0 - Train loss: 0.0041, Train cmAP1: 0.0286, Train cmAP5: 0.0959, Train mAP: 0.0038, Valid loss: 0.0031, Valid cmAP1: 0.2381, Valid cmAP5: 0.4672, Valid mAP: 0.0827
Epoch 0 - Save Best Score: 0.2381 Model

Epoch 1 - Train loss: 0.0024, Train cmAP1: 0.0668, Train cmAP5: 0.1398, Train mAP: 0.0541, Valid loss: 0.0026, Valid cmAP1: 0.4741, Valid cmAP5: 0.6599, Valid mAP: 0.3610
Epoch 1 - Save Best Score: 0.4741 Model

Epoch 2 - Train loss: 0.0021, Train cmAP1: 0.1194, Train cmAP5: 0.1958, Train mAP: 0.1134, Valid loss: 0.0022, Valid cmAP1: 0.6117, Valid cmAP5: 0.7559, Valid mAP: 0.5478
Epoch 2 - Save Best Score: 0.6117 Model

Epoch 3 - Train loss: 0.0019, Train cmAP1: 0.1611, Train cmAP5: 0.2381, Train mAP: 0.1516, Valid loss: 0.0020, Valid cmAP1: 0.6818, Valid cmAP5: 0.8024, Valid mAP: 0.6381
Epoch 3 - Save Best Score: 0.6818 Model

Epoch 4 - Train loss: 0.0018, Train cmAP1: 0.1887, Train cmAP5: 0.2659, Train mAP: 0.1765, Valid loss: 0.0019, Valid cmAP1: 0.7433, Valid cmAP5: 0.8405, Valid mAP: 0.7047
Epoch 4 - Save Best Score: 0.7433 Model

Epoch 5 - Train loss: 0.0017, Train cmAP1: 0.2150, Train cmAP5: 0.2911, Train mAP: 0.1988, Valid loss: 0.0017, Valid cmAP1: 0.7720, Valid cmAP5: 0.8602, Valid mAP: 0.7434
Epoch 5 - Save Best Score: 0.7720 Model

Epoch 6 - Train loss: 0.0016, Train cmAP1: 0.2327, Train cmAP5: 0.3092, Train mAP: 0.2142, Valid loss: 0.0018, Valid cmAP1: 0.7845, Valid cmAP5: 0.8686, Valid mAP: 0.7683
Epoch 6 - Save Best Score: 0.7845 Model

Epoch 7 - Train loss: 0.0016, Train cmAP1: 0.2439, Train cmAP5: 0.3193, Train mAP: 0.2220, Valid loss: 0.0017, Valid cmAP1: 0.8001, Valid cmAP5: 0.8778, Valid mAP: 0.7850
Epoch 7 - Save Best Score: 0.8001 Model

Epoch 8 - Train loss: 0.0015, Train cmAP1: 0.2528, Train cmAP5: 0.3270, Train mAP: 0.2287, Valid loss: 0.0017, Valid cmAP1: 0.8060, Valid cmAP5: 0.8813, Valid mAP: 0.7933
Epoch 8 - Save Best Score: 0.8060 Model

Epoch 9 - Train loss: 0.0015, Train cmAP1: 0.2573, Train cmAP5: 0.3324, Train mAP: 0.2344, Valid loss: 0.0016, Valid cmAP1: 0.8078, Valid cmAP5: 0.8824, Valid mAP: 0.7954
Epoch 9 - Save Best Score: 0.8078 Model

Epoch 10 - Train loss: 0.0017, Train cmAP1: 0.2061, Train cmAP5: 0.2834, Train mAP: 0.1879, Valid loss: 0.0018, Valid cmAP1: 0.7701, Valid cmAP5: 0.8575, Valid mAP: 0.7268
Valid loss didn't improve last 1 epochs.

Epoch 11 - Train loss: 0.0017, Train cmAP1: 0.2182, Train cmAP5: 0.2952, Train mAP: 0.1990, Valid loss: 0.0018, Valid cmAP1: 0.7850, Valid cmAP5: 0.8675, Valid mAP: 0.7473
Valid loss didn't improve last 2 epochs.

Epoch 12 - Train loss: 0.0016, Train cmAP1: 0.2343, Train cmAP5: 0.3101, Train mAP: 0.2104, Valid loss: 0.0017, Valid cmAP1: 0.8032, Valid cmAP5: 0.8782, Valid mAP: 0.7635
Valid loss didn't improve last 3 epochs.

Epoch 13 - Train loss: 0.0016, Train cmAP1: 0.2435, Train cmAP5: 0.3190, Train mAP: 0.2213, Valid loss: 0.0017, Valid cmAP1: 0.8168, Valid cmAP5: 0.8872, Valid mAP: 0.7897
Epoch 13 - Save Best Score: 0.8168 Model

Epoch 14 - Train loss: 0.0015, Train cmAP1: 0.2546, Train cmAP5: 0.3297, Train mAP: 0.2305, Valid loss: 0.0016, Valid cmAP1: 0.8220, Valid cmAP5: 0.8908, Valid mAP: 0.8024
Epoch 14 - Save Best Score: 0.8220 Model

Epoch 15 - Train loss: 0.0015, Train cmAP1: 0.2655, Train cmAP5: 0.3393, Train mAP: 0.2384, Valid loss: 0.0016, Valid cmAP1: 0.8332, Valid cmAP5: 0.8979, Valid mAP: 0.8143
Epoch 15 - Save Best Score: 0.8332 Model

Epoch 16 - Train loss: 0.0015, Train cmAP1: 0.2760, Train cmAP5: 0.3493, Train mAP: 0.2472, Valid loss: 0.0015, Valid cmAP1: 0.8419, Valid cmAP5: 0.9031, Valid mAP: 0.8243
Epoch 16 - Save Best Score: 0.8419 Model

Epoch 17 - Train loss: 0.0014, Train cmAP1: 0.2811, Train cmAP5: 0.3540, Train mAP: 0.2507, Valid loss: 0.0015, Valid cmAP1: 0.8485, Valid cmAP5: 0.9067, Valid mAP: 0.8324
Epoch 17 - Save Best Score: 0.8485 Model

Epoch 18 - Train loss: 0.0014, Train cmAP1: 0.2894, Train cmAP5: 0.3625, Train mAP: 0.2595, Valid loss: 0.0015, Valid cmAP1: 0.8511, Valid cmAP5: 0.9081, Valid mAP: 0.8359
Epoch 18 - Save Best Score: 0.8511 Model

Epoch 19 - Train loss: 0.0014, Train cmAP1: 0.2852, Train cmAP5: 0.3586, Train mAP: 0.2576, Valid loss: 0.0015, Valid cmAP1: 0.8520, Valid cmAP5: 0.9088, Valid mAP: 0.8372
Epoch 19 - Save Best Score: 0.8520 Model

Epoch 20 - Train loss: 0.0016, Train cmAP1: 0.2514, Train cmAP5: 0.3270, Train mAP: 0.2251, Valid loss: 0.0017, Valid cmAP1: 0.8167, Valid cmAP5: 0.8875, Valid mAP: 0.7896
Valid loss didn't improve last 1 epochs.

Epoch 21 - Train loss: 0.0015, Train cmAP1: 0.2531, Train cmAP5: 0.3286, Train mAP: 0.2284, Valid loss: 0.0016, Valid cmAP1: 0.8286, Valid cmAP5: 0.8938, Valid mAP: 0.7992
Valid loss didn't improve last 2 epochs.

Epoch 22 - Train loss: 0.0015, Train cmAP1: 0.2656, Train cmAP5: 0.3396, Train mAP: 0.2364, Valid loss: 0.0016, Valid cmAP1: 0.8343, Valid cmAP5: 0.8976, Valid mAP: 0.8114
Valid loss didn't improve last 3 epochs.

Epoch 23 - Train loss: 0.0015, Train cmAP1: 0.2638, Train cmAP5: 0.3384, Train mAP: 0.2375, Valid loss: 0.0016, Valid cmAP1: 0.8445, Valid cmAP5: 0.9043, Valid mAP: 0.8226
Valid loss didn't improve last 4 epochs.

Epoch 24 - Train loss: 0.0015, Train cmAP1: 0.2827, Train cmAP5: 0.3557, Train mAP: 0.2507, Valid loss: 0.0015, Valid cmAP1: 0.8495, Valid cmAP5: 0.9068, Valid mAP: 0.8273
Valid loss didn't improve last 5 epochs.

Epoch 25 - Train loss: 0.0014, Train cmAP1: 0.2829, Train cmAP5: 0.3572, Train mAP: 0.2538, Valid loss: 0.0015, Valid cmAP1: 0.8556, Valid cmAP5: 0.9111, Valid mAP: 0.8358
Epoch 25 - Save Best Score: 0.8556 Model

Epoch 26 - Train loss: 0.0014, Train cmAP1: 0.2921, Train cmAP5: 0.3654, Train mAP: 0.2619, Valid loss: 0.0015, Valid cmAP1: 0.8620, Valid cmAP5: 0.9149, Valid mAP: 0.8473
Epoch 26 - Save Best Score: 0.8620 Model

Epoch 27 - Train loss: 0.0014, Train cmAP1: 0.2904, Train cmAP5: 0.3646, Train mAP: 0.2639, Valid loss: 0.0014, Valid cmAP1: 0.8650, Valid cmAP5: 0.9165, Valid mAP: 0.8496
Epoch 27 - Save Best Score: 0.8650 Model

Epoch 28 - Train loss: 0.0013, Train cmAP1: 0.3036, Train cmAP5: 0.3746, Train mAP: 0.2692, Valid loss: 0.0014, Valid cmAP1: 0.8668, Valid cmAP5: 0.9179, Valid mAP: 0.8520
Epoch 28 - Save Best Score: 0.8668 Model

Epoch 29 - Train loss: 0.0013, Train cmAP1: 0.3043, Train cmAP5: 0.3764, Train mAP: 0.2695, Valid loss: 0.0014, Valid cmAP1: 0.8669, Valid cmAP5: 0.9180, Valid mAP: 0.8525
Epoch 29 - Save Best Score: 0.8669 Model

Epoch 30 - Train loss: 0.0015, Train cmAP1: 0.2737, Train cmAP5: 0.3472, Train mAP: 0.2453, Valid loss: 0.0016, Valid cmAP1: 0.8477, Valid cmAP5: 0.9049, Valid mAP: 0.8171
Valid loss didn't improve last 1 epochs.

Epoch 31 - Train loss: 0.0015, Train cmAP1: 0.2775, Train cmAP5: 0.3501, Train mAP: 0.2454, Valid loss: 0.0016, Valid cmAP1: 0.8468, Valid cmAP5: 0.9052, Valid mAP: 0.8216
Valid loss didn't improve last 2 epochs.

Epoch 32 - Train loss: 0.0015, Train cmAP1: 0.2812, Train cmAP5: 0.3547, Train mAP: 0.2521, Valid loss: 0.0015, Valid cmAP1: 0.8479, Valid cmAP5: 0.9063, Valid mAP: 0.8236
Valid loss didn't improve last 3 epochs.

Epoch 33 - Train loss: 0.0014, Train cmAP1: 0.2853, Train cmAP5: 0.3590, Train mAP: 0.2561, Valid loss: 0.0015, Valid cmAP1: 0.8539, Valid cmAP5: 0.9101, Valid mAP: 0.8345
Valid loss didn't improve last 4 epochs.

Epoch 34 - Train loss: 0.0014, Train cmAP1: 0.2899, Train cmAP5: 0.3637, Train mAP: 0.2602, Valid loss: 0.0015, Valid cmAP1: 0.8632, Valid cmAP5: 0.9144, Valid mAP: 0.8430
Valid loss didn't improve last 5 epochs.

Epoch 35 - Train loss: 0.0014, Train cmAP1: 0.2956, Train cmAP5: 0.3686, Train mAP: 0.2638, Valid loss: 0.0015, Valid cmAP1: 0.8669, Valid cmAP5: 0.9168, Valid mAP: 0.8491
Valid loss didn't improve last 6 epochs.

Epoch 36 - Train loss: 0.0013, Train cmAP1: 0.3014, Train cmAP5: 0.3736, Train mAP: 0.2694, Valid loss: 0.0014, Valid cmAP1: 0.8721, Valid cmAP5: 0.9202, Valid mAP: 0.8548
Epoch 36 - Save Best Score: 0.8721 Model

Epoch 37 - Train loss: 0.0013, Train cmAP1: 0.3073, Train cmAP5: 0.3786, Train mAP: 0.2736, Valid loss: 0.0014, Valid cmAP1: 0.8731, Valid cmAP5: 0.9215, Valid mAP: 0.8572
Epoch 37 - Save Best Score: 0.8731 Model

Epoch 38 - Train loss: 0.0013, Train cmAP1: 0.3093, Train cmAP5: 0.3808, Train mAP: 0.2764, Valid loss: 0.0014, Valid cmAP1: 0.8746, Valid cmAP5: 0.9223, Valid mAP: 0.8598
Epoch 38 - Save Best Score: 0.8746 Model

Epoch 39 - Train loss: 0.0013, Train cmAP1: 0.3156, Train cmAP5: 0.3870, Train mAP: 0.2788, Valid loss: 0.0014, Valid cmAP1: 0.8746, Valid cmAP5: 0.9223, Valid mAP: 0.8603
Epoch 39 - Save Best Score: 0.8746 Model

Epoch 40 - Train loss: 0.0014, Train cmAP1: 0.2842, Train cmAP5: 0.3571, Train mAP: 0.2529, Valid loss: 0.0015, Valid cmAP1: 0.8568, Valid cmAP5: 0.9107, Valid mAP: 0.8303
Valid loss didn't improve last 1 epochs.

Epoch 41 - Train loss: 0.0014, Train cmAP1: 0.2873, Train cmAP5: 0.3603, Train mAP: 0.2573, Valid loss: 0.0015, Valid cmAP1: 0.8589, Valid cmAP5: 0.9119, Valid mAP: 0.8316
Valid loss didn't improve last 2 epochs.

Epoch 42 - Train loss: 0.0014, Train cmAP1: 0.2913, Train cmAP5: 0.3646, Train mAP: 0.2608, Valid loss: 0.0015, Valid cmAP1: 0.8630, Valid cmAP5: 0.9146, Valid mAP: 0.8391
Valid loss didn't improve last 3 epochs.

Epoch 43 - Train loss: 0.0014, Train cmAP1: 0.2948, Train cmAP5: 0.3683, Train mAP: 0.2633, Valid loss: 0.0015, Valid cmAP1: 0.8676, Valid cmAP5: 0.9170, Valid mAP: 0.8453
Valid loss didn't improve last 4 epochs.

Epoch 44 - Train loss: 0.0014, Train cmAP1: 0.3015, Train cmAP5: 0.3738, Train mAP: 0.2702, Valid loss: 0.0015, Valid cmAP1: 0.8734, Valid cmAP5: 0.9205, Valid mAP: 0.8520
Valid loss didn't improve last 5 epochs.

Epoch 45 - Train loss: 0.0013, Train cmAP1: 0.3059, Train cmAP5: 0.3777, Train mAP: 0.2693, Valid loss: 0.0014, Valid cmAP1: 0.8748, Valid cmAP5: 0.9221, Valid mAP: 0.8563
Epoch 45 - Save Best Score: 0.8748 Model

Epoch 46 - Train loss: 0.0013, Train cmAP1: 0.3123, Train cmAP5: 0.3841, Train mAP: 0.2795, Valid loss: 0.0014, Valid cmAP1: 0.8804, Valid cmAP5: 0.9245, Valid mAP: 0.8598
Epoch 46 - Save Best Score: 0.8804 Model

Epoch 47 - Train loss: 0.0013, Train cmAP1: 0.3133, Train cmAP5: 0.3845, Train mAP: 0.2789, Valid loss: 0.0014, Valid cmAP1: 0.8814, Valid cmAP5: 0.9255, Valid mAP: 0.8623
Epoch 47 - Save Best Score: 0.8814 Model

Epoch 48 - Train loss: 0.0013, Train cmAP1: 0.3152, Train cmAP5: 0.3874, Train mAP: 0.2818, Valid loss: 0.0014, Valid cmAP1: 0.8830, Valid cmAP5: 0.9265, Valid mAP: 0.8654
Epoch 48 - Save Best Score: 0.8830 Model

Epoch 49 - Train loss: 0.0013, Train cmAP1: 0.3149, Train cmAP5: 0.3873, Train mAP: 0.2818, Valid loss: 0.0014, Valid cmAP1: 0.8832, Valid cmAP5: 0.9265, Valid mAP: 0.8654
Epoch 49 - Save Best Score: 0.8832 Model

Epoch 50 - Train loss: 0.0014, Train cmAP1: 0.2939, Train cmAP5: 0.3658, Train mAP: 0.2599, Valid loss: 0.0015, Valid cmAP1: 0.8623, Valid cmAP5: 0.9149, Valid mAP: 0.8385
Valid loss didn't improve last 1 epochs.

Epoch 51 - Train loss: 0.0014, Train cmAP1: 0.2955, Train cmAP5: 0.3680, Train mAP: 0.2617, Valid loss: 0.0015, Valid cmAP1: 0.8688, Valid cmAP5: 0.9173, Valid mAP: 0.8404
Valid loss didn't improve last 2 epochs.

Epoch 52 - Train loss: 0.0014, Train cmAP1: 0.2937, Train cmAP5: 0.3676, Train mAP: 0.2632, Valid loss: 0.0015, Valid cmAP1: 0.8695, Valid cmAP5: 0.9184, Valid mAP: 0.8475
Valid loss didn't improve last 3 epochs.

Epoch 53 - Train loss: 0.0014, Train cmAP1: 0.2996, Train cmAP5: 0.3724, Train mAP: 0.2670, Valid loss: 0.0015, Valid cmAP1: 0.8740, Valid cmAP5: 0.9209, Valid mAP: 0.8528
Valid loss didn't improve last 4 epochs.

Epoch 54 - Train loss: 0.0013, Train cmAP1: 0.3087, Train cmAP5: 0.3789, Train mAP: 0.2701, Valid loss: 0.0014, Valid cmAP1: 0.8735, Valid cmAP5: 0.9206, Valid mAP: 0.8518
Valid loss didn't improve last 5 epochs.

Epoch 55 - Train loss: 0.0013, Train cmAP1: 0.3022, Train cmAP5: 0.3757, Train mAP: 0.2727, Valid loss: 0.0014, Valid cmAP1: 0.8784, Valid cmAP5: 0.9240, Valid mAP: 0.8580
Valid loss didn't improve last 6 epochs.

Epoch 56 - Train loss: 0.0013, Train cmAP1: 0.3175, Train cmAP5: 0.3885, Train mAP: 0.2824, Valid loss: 0.0014, Valid cmAP1: 0.8829, Valid cmAP5: 0.9264, Valid mAP: 0.8645
Valid loss didn't improve last 7 epochs.

Epoch 57 - Train loss: 0.0013, Train cmAP1: 0.3215, Train cmAP5: 0.3921, Train mAP: 0.2855, Valid loss: 0.0014, Valid cmAP1: 0.8859, Valid cmAP5: 0.9279, Valid mAP: 0.8666
Epoch 57 - Save Best Score: 0.8859 Model

Epoch 58 - Train loss: 0.0013, Train cmAP1: 0.3198, Train cmAP5: 0.3911, Train mAP: 0.2849, Valid loss: 0.0014, Valid cmAP1: 0.8863, Valid cmAP5: 0.9283, Valid mAP: 0.8683
Epoch 58 - Save Best Score: 0.8863 Model

Epoch 59 - Train loss: 0.0013, Train cmAP1: 0.3183, Train cmAP5: 0.3895, Train mAP: 0.2816, Valid loss: 0.0014, Valid cmAP1: 0.8860, Valid cmAP5: 0.9282, Valid mAP: 0.8684
Valid loss didn't improve last 1 epochs.

Epoch 60 - Train loss: 0.0014, Train cmAP1: 0.2961, Train cmAP5: 0.3695, Train mAP: 0.2666, Valid loss: 0.0015, Valid cmAP1: 0.8673, Valid cmAP5: 0.9171, Valid mAP: 0.8442
Valid loss didn't improve last 2 epochs.

Epoch 61 - Train loss: 0.0014, Train cmAP1: 0.3008, Train cmAP5: 0.3736, Train mAP: 0.2655, Valid loss: 0.0015, Valid cmAP1: 0.8735, Valid cmAP5: 0.9203, Valid mAP: 0.8475
Valid loss didn't improve last 3 epochs.

Epoch 62 - Train loss: 0.0014, Train cmAP1: 0.3039, Train cmAP5: 0.3755, Train mAP: 0.2689, Valid loss: 0.0014, Valid cmAP1: 0.8740, Valid cmAP5: 0.9207, Valid mAP: 0.8490
Valid loss didn't improve last 4 epochs.

Epoch 63 - Train loss: 0.0013, Train cmAP1: 0.3067, Train cmAP5: 0.3786, Train mAP: 0.2725, Valid loss: 0.0014, Valid cmAP1: 0.8761, Valid cmAP5: 0.9227, Valid mAP: 0.8535
Valid loss didn't improve last 5 epochs.

Epoch 64 - Train loss: 0.0013, Train cmAP1: 0.3087, Train cmAP5: 0.3804, Train mAP: 0.2741, Valid loss: 0.0014, Valid cmAP1: 0.8803, Valid cmAP5: 0.9244, Valid mAP: 0.8576
Valid loss didn't improve last 6 epochs.

Epoch 65 - Train loss: 0.0013, Train cmAP1: 0.3142, Train cmAP5: 0.3863, Train mAP: 0.2793, Valid loss: 0.0014, Valid cmAP1: 0.8857, Valid cmAP5: 0.9275, Valid mAP: 0.8634
Valid loss didn't improve last 7 epochs.

Epoch 66 - Train loss: 0.0013, Train cmAP1: 0.3233, Train cmAP5: 0.3941, Train mAP: 0.2867, Valid loss: 0.0014, Valid cmAP1: 0.8869, Valid cmAP5: 0.9287, Valid mAP: 0.8674
Epoch 66 - Save Best Score: 0.8869 Model

Epoch 67 - Train loss: 0.0013, Train cmAP1: 0.3239, Train cmAP5: 0.3938, Train mAP: 0.2838, Valid loss: 0.0014, Valid cmAP1: 0.8888, Valid cmAP5: 0.9297, Valid mAP: 0.8699
Epoch 67 - Save Best Score: 0.8888 Model

Epoch 68 - Train loss: 0.0012, Train cmAP1: 0.3230, Train cmAP5: 0.3941, Train mAP: 0.2879, Valid loss: 0.0014, Valid cmAP1: 0.8898, Valid cmAP5: 0.9301, Valid mAP: 0.8703
Epoch 68 - Save Best Score: 0.8898 Model

Epoch 69 - Train loss: 0.0012, Train cmAP1: 0.3232, Train cmAP5: 0.3943, Train mAP: 0.2879, Valid loss: 0.0014, Valid cmAP1: 0.8900, Valid cmAP5: 0.9302, Valid mAP: 0.8706
Epoch 69 - Save Best Score: 0.8900 Model

Epoch 70 - Train loss: 0.0013, Train cmAP1: 0.3044, Train cmAP5: 0.3770, Train mAP: 0.2702, Valid loss: 0.0015, Valid cmAP1: 0.8752, Valid cmAP5: 0.9221, Valid mAP: 0.8507
Valid loss didn't improve last 1 epochs.

Epoch 71 - Train loss: 0.0013, Train cmAP1: 0.3112, Train cmAP5: 0.3820, Train mAP: 0.2733, Valid loss: 0.0015, Valid cmAP1: 0.8737, Valid cmAP5: 0.9211, Valid mAP: 0.8521
Valid loss didn't improve last 2 epochs.

Epoch 72 - Train loss: 0.0013, Train cmAP1: 0.3086, Train cmAP5: 0.3798, Train mAP: 0.2724, Valid loss: 0.0015, Valid cmAP1: 0.8736, Valid cmAP5: 0.9219, Valid mAP: 0.8548
Valid loss didn't improve last 3 epochs.

Epoch 73 - Train loss: 0.0013, Train cmAP1: 0.3179, Train cmAP5: 0.3885, Train mAP: 0.2809, Valid loss: 0.0015, Valid cmAP1: 0.8810, Valid cmAP5: 0.9247, Valid mAP: 0.8585
Valid loss didn't improve last 4 epochs.

Epoch 74 - Train loss: 0.0013, Train cmAP1: 0.3160, Train cmAP5: 0.3870, Train mAP: 0.2807, Valid loss: 0.0014, Valid cmAP1: 0.8837, Valid cmAP5: 0.9270, Valid mAP: 0.8627
Valid loss didn't improve last 5 epochs.

Epoch 75 - Train loss: 0.0013, Train cmAP1: 0.3211, Train cmAP5: 0.3923, Train mAP: 0.2850, Valid loss: 0.0014, Valid cmAP1: 0.8874, Valid cmAP5: 0.9290, Valid mAP: 0.8669
Valid loss didn't improve last 6 epochs.

Epoch 76 - Train loss: 0.0013, Train cmAP1: 0.3200, Train cmAP5: 0.3919, Train mAP: 0.2860, Valid loss: 0.0014, Valid cmAP1: 0.8888, Valid cmAP5: 0.9300, Valid mAP: 0.8696
Valid loss didn't improve last 7 epochs.

Epoch 77 - Train loss: 0.0012, Train cmAP1: 0.3226, Train cmAP5: 0.3942, Train mAP: 0.2892, Valid loss: 0.0014, Valid cmAP1: 0.8893, Valid cmAP5: 0.9303, Valid mAP: 0.8708
Valid loss didn't improve last 8 epochs.

Epoch 78 - Train loss: 0.0012, Train cmAP1: 0.3334, Train cmAP5: 0.4024, Train mAP: 0.2941, Valid loss: 0.0014, Valid cmAP1: 0.8899, Valid cmAP5: 0.9308, Valid mAP: 0.8718
Valid loss didn't improve last 9 epochs.

Epoch 79 - Train loss: 0.0012, Train cmAP1: 0.3307, Train cmAP5: 0.4018, Train mAP: 0.2942, Valid loss: 0.0014, Valid cmAP1: 0.8904, Valid cmAP5: 0.9309, Valid mAP: 0.8719
Epoch 79 - Save Best Score: 0.8904 Model

Epoch 80 - Train loss: 0.0013, Train cmAP1: 0.3112, Train cmAP5: 0.3829, Train mAP: 0.2726, Valid loss: 0.0015, Valid cmAP1: 0.8731, Valid cmAP5: 0.9209, Valid mAP: 0.8525
Valid loss didn't improve last 1 epochs.

Epoch 81 - Train loss: 0.0013, Train cmAP1: 0.3159, Train cmAP5: 0.3867, Train mAP: 0.2797, Valid loss: 0.0015, Valid cmAP1: 0.8757, Valid cmAP5: 0.9222, Valid mAP: 0.8495
Valid loss didn't improve last 2 epochs.

Epoch 82 - Train loss: 0.0013, Train cmAP1: 0.3126, Train cmAP5: 0.3841, Train mAP: 0.2785, Valid loss: 0.0015, Valid cmAP1: 0.8794, Valid cmAP5: 0.9238, Valid mAP: 0.8530
Valid loss didn't improve last 3 epochs.

Epoch 83 - Train loss: 0.0013, Train cmAP1: 0.3121, Train cmAP5: 0.3845, Train mAP: 0.2772, Valid loss: 0.0014, Valid cmAP1: 0.8859, Valid cmAP5: 0.9278, Valid mAP: 0.8617
Valid loss didn't improve last 4 epochs.

Epoch 84 - Train loss: 0.0013, Train cmAP1: 0.3218, Train cmAP5: 0.3921, Train mAP: 0.2845, Valid loss: 0.0014, Valid cmAP1: 0.8837, Valid cmAP5: 0.9276, Valid mAP: 0.8643
Valid loss didn't improve last 5 epochs.

Epoch 85 - Train loss: 0.0013, Train cmAP1: 0.3213, Train cmAP5: 0.3928, Train mAP: 0.2863, Valid loss: 0.0014, Valid cmAP1: 0.8878, Valid cmAP5: 0.9294, Valid mAP: 0.8667
Valid loss didn't improve last 6 epochs.

Epoch 86 - Train loss: 0.0012, Train cmAP1: 0.3225, Train cmAP5: 0.3945, Train mAP: 0.2876, Valid loss: 0.0014, Valid cmAP1: 0.8896, Valid cmAP5: 0.9307, Valid mAP: 0.8698
Valid loss didn't improve last 7 epochs.

Epoch 87 - Train loss: 0.0012, Train cmAP1: 0.3278, Train cmAP5: 0.3984, Train mAP: 0.2898, Valid loss: 0.0014, Valid cmAP1: 0.8918, Valid cmAP5: 0.9318, Valid mAP: 0.8726
Epoch 87 - Save Best Score: 0.8918 Model

Epoch 88 - Train loss: 0.0012, Train cmAP1: 0.3253, Train cmAP5: 0.3968, Train mAP: 0.2907, Valid loss: 0.0014, Valid cmAP1: 0.8933, Valid cmAP5: 0.9326, Valid mAP: 0.8736
Epoch 88 - Save Best Score: 0.8933 Model

Epoch 89 - Train loss: 0.0012, Train cmAP1: 0.3306, Train cmAP5: 0.4015, Train mAP: 0.2947, Valid loss: 0.0014, Valid cmAP1: 0.8935, Valid cmAP5: 0.9326, Valid mAP: 0.8740
Epoch 89 - Save Best Score: 0.8935 Model

Epoch 90 - Train loss: 0.0013, Train cmAP1: 0.3124, Train cmAP5: 0.3841, Train mAP: 0.2785, Valid loss: 0.0014, Valid cmAP1: 0.8819, Valid cmAP5: 0.9256, Valid mAP: 0.8566
Valid loss didn't improve last 1 epochs.

Epoch 91 - Train loss: 0.0013, Train cmAP1: 0.3160, Train cmAP5: 0.3863, Train mAP: 0.2780, Valid loss: 0.0014, Valid cmAP1: 0.8820, Valid cmAP5: 0.9248, Valid mAP: 0.8558
Valid loss didn't improve last 2 epochs.

Epoch 92 - Train loss: 0.0013, Train cmAP1: 0.3188, Train cmAP5: 0.3897, Train mAP: 0.2832, Valid loss: 0.0015, Valid cmAP1: 0.8828, Valid cmAP5: 0.9265, Valid mAP: 0.8578
Valid loss didn't improve last 3 epochs.

Epoch 93 - Train loss: 0.0013, Train cmAP1: 0.3191, Train cmAP5: 0.3909, Train mAP: 0.2868, Valid loss: 0.0014, Valid cmAP1: 0.8836, Valid cmAP5: 0.9262, Valid mAP: 0.8609
Valid loss didn't improve last 4 epochs.

Epoch 94 - Train loss: 0.0013, Train cmAP1: 0.3253, Train cmAP5: 0.3952, Train mAP: 0.2863, Valid loss: 0.0014, Valid cmAP1: 0.8899, Valid cmAP5: 0.9301, Valid mAP: 0.8670
Valid loss didn't improve last 5 epochs.

Epoch 95 - Train loss: 0.0012, Train cmAP1: 0.3178, Train cmAP5: 0.3896, Train mAP: 0.2847, Valid loss: 0.0014, Valid cmAP1: 0.8934, Valid cmAP5: 0.9320, Valid mAP: 0.8701
Valid loss didn't improve last 6 epochs.

Epoch 96 - Train loss: 0.0012, Train cmAP1: 0.3296, Train cmAP5: 0.3994, Train mAP: 0.2903, Valid loss: 0.0014, Valid cmAP1: 0.8955, Valid cmAP5: 0.9330, Valid mAP: 0.8715
Epoch 96 - Save Best Score: 0.8955 Model

Epoch 97 - Train loss: 0.0012, Train cmAP1: 0.3357, Train cmAP5: 0.4049, Train mAP: 0.2965, Valid loss: 0.0014, Valid cmAP1: 0.8945, Valid cmAP5: 0.9328, Valid mAP: 0.8737
Valid loss didn't improve last 1 epochs.

Epoch 98 - Train loss: 0.0012, Train cmAP1: 0.3330, Train cmAP5: 0.4039, Train mAP: 0.2973, Valid loss: 0.0014, Valid cmAP1: 0.8967, Valid cmAP5: 0.9339, Valid mAP: 0.8747
Epoch 98 - Save Best Score: 0.8967 Model

Epoch 99 - Train loss: 0.0012, Train cmAP1: 0.3319, Train cmAP5: 0.4024, Train mAP: 0.2950, Valid loss: 0.0014, Valid cmAP1: 0.8970, Valid cmAP5: 0.9339, Valid mAP: 0.8748
Epoch 99 - Save Best Score: 0.8970 Model

Epoch 100 - Train loss: 0.0013, Train cmAP1: 0.3161, Train cmAP5: 0.3880, Train mAP: 0.2828, Valid loss: 0.0015, Valid cmAP1: 0.8833, Valid cmAP5: 0.9259, Valid mAP: 0.8554
Valid loss didn't improve last 1 epochs.

Epoch 101 - Train loss: 0.0013, Train cmAP1: 0.3172, Train cmAP5: 0.3890, Train mAP: 0.2821, Valid loss: 0.0014, Valid cmAP1: 0.8821, Valid cmAP5: 0.9253, Valid mAP: 0.8563
Valid loss didn't improve last 2 epochs.

Epoch 102 - Train loss: 0.0013, Train cmAP1: 0.3165, Train cmAP5: 0.3877, Train mAP: 0.2788, Valid loss: 0.0014, Valid cmAP1: 0.8856, Valid cmAP5: 0.9268, Valid mAP: 0.8613
Valid loss didn't improve last 3 epochs.

Epoch 103 - Train loss: 0.0013, Train cmAP1: 0.3238, Train cmAP5: 0.3945, Train mAP: 0.2850, Valid loss: 0.0014, Valid cmAP1: 0.8874, Valid cmAP5: 0.9285, Valid mAP: 0.8658
Valid loss didn't improve last 4 epochs.

Epoch 104 - Train loss: 0.0013, Train cmAP1: 0.3252, Train cmAP5: 0.3961, Train mAP: 0.2888, Valid loss: 0.0014, Valid cmAP1: 0.8905, Valid cmAP5: 0.9301, Valid mAP: 0.8661
Valid loss didn't improve last 5 epochs.

Epoch 105 - Train loss: 0.0012, Train cmAP1: 0.3321, Train cmAP5: 0.4023, Train mAP: 0.2932, Valid loss: 0.0014, Valid cmAP1: 0.8917, Valid cmAP5: 0.9310, Valid mAP: 0.8696
Valid loss didn't improve last 6 epochs.

Epoch 106 - Train loss: 0.0012, Train cmAP1: 0.3284, Train cmAP5: 0.3991, Train mAP: 0.2927, Valid loss: 0.0014, Valid cmAP1: 0.8941, Valid cmAP5: 0.9323, Valid mAP: 0.8734
Valid loss didn't improve last 7 epochs.

Epoch 107 - Train loss: 0.0012, Train cmAP1: 0.3338, Train cmAP5: 0.4037, Train mAP: 0.2959, Valid loss: 0.0014, Valid cmAP1: 0.8950, Valid cmAP5: 0.9329, Valid mAP: 0.8751
Valid loss didn't improve last 8 epochs.

Epoch 108 - Train loss: 0.0012, Train cmAP1: 0.3358, Train cmAP5: 0.4060, Train mAP: 0.2979, Valid loss: 0.0014, Valid cmAP1: 0.8967, Valid cmAP5: 0.9336, Valid mAP: 0.8758
Valid loss didn't improve last 9 epochs.

Epoch 109 - Train loss: 0.0012, Train cmAP1: 0.3341, Train cmAP5: 0.4048, Train mAP: 0.2990, Valid loss: 0.0014, Valid cmAP1: 0.8966, Valid cmAP5: 0.9336, Valid mAP: 0.8760
Valid loss didn't improve last 10 epochs.

Early stop, Training End.

training done!
