(70941, 15)
==========================================================================================
Fold 0 Training
==========================================================================================
(63846, 15)
houspa     746
mallar3    531
norcar     512
comrav     450
spotow     450
          ... 
akikik       2
shtsan       2
crehon       2
hawpet1      2
maupar       1
Name: primary_label, Length: 506, dtype: int64
(7095, 15)
houspa     83
mallar3    59
norcar     57
houwre     50
gbwwre1    50
           ..
buffle      1
aniani      1
barpet      1
kauama      1
palila      1
Name: primary_label, Length: 495, dtype: int64
Epoch 0 - Train loss: 0.0042, Train cmAP1: 0.0288, Train cmAP5: 0.0960, Train mAP: 0.0039, Valid loss: 0.0031, Valid cmAP1: 0.2534, Valid cmAP5: 0.4804, Valid mAP: 0.0904
Epoch 0 - Save Best Score: 0.2534 Model

Epoch 1 - Train loss: 0.0023, Train cmAP1: 0.0738, Train cmAP5: 0.1472, Train mAP: 0.0630, Valid loss: 0.0025, Valid cmAP1: 0.4819, Valid cmAP5: 0.6660, Valid mAP: 0.3902
Epoch 1 - Save Best Score: 0.4819 Model

Epoch 2 - Train loss: 0.0020, Train cmAP1: 0.1273, Train cmAP5: 0.2041, Train mAP: 0.1223, Valid loss: 0.0022, Valid cmAP1: 0.6206, Valid cmAP5: 0.7608, Valid mAP: 0.5443
Epoch 2 - Save Best Score: 0.6206 Model

Epoch 3 - Train loss: 0.0019, Train cmAP1: 0.1686, Train cmAP5: 0.2464, Train mAP: 0.1609, Valid loss: 0.0021, Valid cmAP1: 0.6799, Valid cmAP5: 0.8010, Valid mAP: 0.6315
Epoch 3 - Save Best Score: 0.6799 Model

Epoch 4 - Train loss: 0.0017, Train cmAP1: 0.1958, Train cmAP5: 0.2733, Train mAP: 0.1859, Valid loss: 0.0020, Valid cmAP1: 0.7290, Valid cmAP5: 0.8318, Valid mAP: 0.6925
Epoch 4 - Save Best Score: 0.7290 Model

Epoch 5 - Train loss: 0.0016, Train cmAP1: 0.2223, Train cmAP5: 0.2989, Train mAP: 0.2089, Valid loss: 0.0018, Valid cmAP1: 0.7562, Valid cmAP5: 0.8497, Valid mAP: 0.7281
Epoch 5 - Save Best Score: 0.7562 Model

Epoch 6 - Train loss: 0.0016, Train cmAP1: 0.2416, Train cmAP5: 0.3179, Train mAP: 0.2263, Valid loss: 0.0018, Valid cmAP1: 0.7769, Valid cmAP5: 0.8624, Valid mAP: 0.7560
Epoch 6 - Save Best Score: 0.7769 Model

Epoch 7 - Train loss: 0.0015, Train cmAP1: 0.2540, Train cmAP5: 0.3292, Train mAP: 0.2332, Valid loss: 0.0017, Valid cmAP1: 0.7889, Valid cmAP5: 0.8701, Valid mAP: 0.7721
Epoch 7 - Save Best Score: 0.7889 Model

Epoch 8 - Train loss: 0.0015, Train cmAP1: 0.2626, Train cmAP5: 0.3369, Train mAP: 0.2417, Valid loss: 0.0017, Valid cmAP1: 0.7948, Valid cmAP5: 0.8740, Valid mAP: 0.7810
Epoch 8 - Save Best Score: 0.7948 Model

Epoch 9 - Train loss: 0.0015, Train cmAP1: 0.2671, Train cmAP5: 0.3425, Train mAP: 0.2472, Valid loss: 0.0017, Valid cmAP1: 0.7967, Valid cmAP5: 0.8752, Valid mAP: 0.7828
Epoch 9 - Save Best Score: 0.7967 Model

Epoch 10 - Train loss: 0.0017, Train cmAP1: 0.2123, Train cmAP5: 0.2895, Train mAP: 0.1951, Valid loss: 0.0019, Valid cmAP1: 0.7573, Valid cmAP5: 0.8485, Valid mAP: 0.7077
Valid loss didn't improve last 1 epochs.

Epoch 11 - Train loss: 0.0017, Train cmAP1: 0.2259, Train cmAP5: 0.3028, Train mAP: 0.2082, Valid loss: 0.0019, Valid cmAP1: 0.7658, Valid cmAP5: 0.8544, Valid mAP: 0.7237
Valid loss didn't improve last 2 epochs.

Epoch 12 - Train loss: 0.0016, Train cmAP1: 0.2424, Train cmAP5: 0.3185, Train mAP: 0.2201, Valid loss: 0.0017, Valid cmAP1: 0.7930, Valid cmAP5: 0.8709, Valid mAP: 0.7547
Valid loss didn't improve last 3 epochs.

Epoch 13 - Train loss: 0.0015, Train cmAP1: 0.2520, Train cmAP5: 0.3280, Train mAP: 0.2321, Valid loss: 0.0018, Valid cmAP1: 0.8029, Valid cmAP5: 0.8773, Valid mAP: 0.7774
Epoch 13 - Save Best Score: 0.8029 Model

Epoch 14 - Train loss: 0.0015, Train cmAP1: 0.2655, Train cmAP5: 0.3406, Train mAP: 0.2428, Valid loss: 0.0016, Valid cmAP1: 0.8178, Valid cmAP5: 0.8874, Valid mAP: 0.7946
Epoch 14 - Save Best Score: 0.8178 Model

Epoch 15 - Train loss: 0.0014, Train cmAP1: 0.2750, Train cmAP5: 0.3496, Train mAP: 0.2511, Valid loss: 0.0016, Valid cmAP1: 0.8297, Valid cmAP5: 0.8938, Valid mAP: 0.8039
Epoch 15 - Save Best Score: 0.8297 Model

Epoch 16 - Train loss: 0.0014, Train cmAP1: 0.2873, Train cmAP5: 0.3602, Train mAP: 0.2602, Valid loss: 0.0016, Valid cmAP1: 0.8340, Valid cmAP5: 0.8972, Valid mAP: 0.8149
Epoch 16 - Save Best Score: 0.8340 Model

Epoch 17 - Train loss: 0.0014, Train cmAP1: 0.2914, Train cmAP5: 0.3644, Train mAP: 0.2630, Valid loss: 0.0016, Valid cmAP1: 0.8414, Valid cmAP5: 0.9018, Valid mAP: 0.8245
Epoch 17 - Save Best Score: 0.8414 Model

Epoch 18 - Train loss: 0.0013, Train cmAP1: 0.3019, Train cmAP5: 0.3751, Train mAP: 0.2739, Valid loss: 0.0016, Valid cmAP1: 0.8433, Valid cmAP5: 0.9028, Valid mAP: 0.8276
Epoch 18 - Save Best Score: 0.8433 Model

Epoch 19 - Train loss: 0.0013, Train cmAP1: 0.2990, Train cmAP5: 0.3722, Train mAP: 0.2735, Valid loss: 0.0016, Valid cmAP1: 0.8438, Valid cmAP5: 0.9031, Valid mAP: 0.8282
Epoch 19 - Save Best Score: 0.8438 Model

Epoch 20 - Train loss: 0.0015, Train cmAP1: 0.2636, Train cmAP5: 0.3384, Train mAP: 0.2381, Valid loss: 0.0018, Valid cmAP1: 0.8085, Valid cmAP5: 0.8801, Valid mAP: 0.7696
Valid loss didn't improve last 1 epochs.

Epoch 21 - Train loss: 0.0015, Train cmAP1: 0.2623, Train cmAP5: 0.3385, Train mAP: 0.2400, Valid loss: 0.0017, Valid cmAP1: 0.8222, Valid cmAP5: 0.8889, Valid mAP: 0.7887
Valid loss didn't improve last 2 epochs.

Epoch 22 - Train loss: 0.0015, Train cmAP1: 0.2780, Train cmAP5: 0.3514, Train mAP: 0.2501, Valid loss: 0.0017, Valid cmAP1: 0.8261, Valid cmAP5: 0.8914, Valid mAP: 0.8005
Valid loss didn't improve last 3 epochs.

Epoch 23 - Train loss: 0.0014, Train cmAP1: 0.2750, Train cmAP5: 0.3496, Train mAP: 0.2509, Valid loss: 0.0016, Valid cmAP1: 0.8372, Valid cmAP5: 0.8982, Valid mAP: 0.8139
Valid loss didn't improve last 4 epochs.

Epoch 24 - Train loss: 0.0014, Train cmAP1: 0.2969, Train cmAP5: 0.3693, Train mAP: 0.2666, Valid loss: 0.0016, Valid cmAP1: 0.8406, Valid cmAP5: 0.9007, Valid mAP: 0.8175
Valid loss didn't improve last 5 epochs.

Epoch 25 - Train loss: 0.0014, Train cmAP1: 0.2952, Train cmAP5: 0.3697, Train mAP: 0.2674, Valid loss: 0.0016, Valid cmAP1: 0.8496, Valid cmAP5: 0.9062, Valid mAP: 0.8274
Epoch 25 - Save Best Score: 0.8496 Model

Epoch 26 - Train loss: 0.0013, Train cmAP1: 0.3036, Train cmAP5: 0.3773, Train mAP: 0.2775, Valid loss: 0.0015, Valid cmAP1: 0.8536, Valid cmAP5: 0.9088, Valid mAP: 0.8362
Epoch 26 - Save Best Score: 0.8536 Model

Epoch 27 - Train loss: 0.0013, Train cmAP1: 0.3024, Train cmAP5: 0.3772, Train mAP: 0.2787, Valid loss: 0.0015, Valid cmAP1: 0.8566, Valid cmAP5: 0.9106, Valid mAP: 0.8393
Epoch 27 - Save Best Score: 0.8566 Model

Epoch 28 - Train loss: 0.0013, Train cmAP1: 0.3150, Train cmAP5: 0.3866, Train mAP: 0.2838, Valid loss: 0.0015, Valid cmAP1: 0.8590, Valid cmAP5: 0.9120, Valid mAP: 0.8422
Epoch 28 - Save Best Score: 0.8590 Model

Epoch 29 - Train loss: 0.0013, Train cmAP1: 0.3178, Train cmAP5: 0.3896, Train mAP: 0.2849, Valid loss: 0.0015, Valid cmAP1: 0.8591, Valid cmAP5: 0.9121, Valid mAP: 0.8425
Epoch 29 - Save Best Score: 0.8591 Model

Epoch 30 - Train loss: 0.0014, Train cmAP1: 0.2843, Train cmAP5: 0.3586, Train mAP: 0.2581, Valid loss: 0.0016, Valid cmAP1: 0.8348, Valid cmAP5: 0.8965, Valid mAP: 0.8001
Valid loss didn't improve last 1 epochs.

Epoch 31 - Train loss: 0.0014, Train cmAP1: 0.2903, Train cmAP5: 0.3631, Train mAP: 0.2599, Valid loss: 0.0016, Valid cmAP1: 0.8445, Valid cmAP5: 0.9019, Valid mAP: 0.8155
Valid loss didn't improve last 2 epochs.

Epoch 32 - Train loss: 0.0014, Train cmAP1: 0.2959, Train cmAP5: 0.3689, Train mAP: 0.2683, Valid loss: 0.0016, Valid cmAP1: 0.8424, Valid cmAP5: 0.9028, Valid mAP: 0.8212
Valid loss didn't improve last 3 epochs.

Epoch 33 - Train loss: 0.0014, Train cmAP1: 0.2983, Train cmAP5: 0.3717, Train mAP: 0.2710, Valid loss: 0.0016, Valid cmAP1: 0.8491, Valid cmAP5: 0.9059, Valid mAP: 0.8244
Valid loss didn't improve last 4 epochs.

Epoch 34 - Train loss: 0.0013, Train cmAP1: 0.3028, Train cmAP5: 0.3765, Train mAP: 0.2749, Valid loss: 0.0016, Valid cmAP1: 0.8586, Valid cmAP5: 0.9115, Valid mAP: 0.8347
Valid loss didn't improve last 5 epochs.

Epoch 35 - Train loss: 0.0013, Train cmAP1: 0.3102, Train cmAP5: 0.3831, Train mAP: 0.2802, Valid loss: 0.0015, Valid cmAP1: 0.8587, Valid cmAP5: 0.9113, Valid mAP: 0.8396
Valid loss didn't improve last 6 epochs.

Epoch 36 - Train loss: 0.0013, Train cmAP1: 0.3143, Train cmAP5: 0.3868, Train mAP: 0.2851, Valid loss: 0.0015, Valid cmAP1: 0.8627, Valid cmAP5: 0.9143, Valid mAP: 0.8457
Epoch 36 - Save Best Score: 0.8627 Model

Epoch 37 - Train loss: 0.0013, Train cmAP1: 0.3220, Train cmAP5: 0.3932, Train mAP: 0.2898, Valid loss: 0.0015, Valid cmAP1: 0.8644, Valid cmAP5: 0.9157, Valid mAP: 0.8473
Epoch 37 - Save Best Score: 0.8644 Model

Epoch 38 - Train loss: 0.0013, Train cmAP1: 0.3235, Train cmAP5: 0.3956, Train mAP: 0.2939, Valid loss: 0.0015, Valid cmAP1: 0.8650, Valid cmAP5: 0.9161, Valid mAP: 0.8498
Epoch 38 - Save Best Score: 0.8650 Model

Epoch 39 - Train loss: 0.0012, Train cmAP1: 0.3310, Train cmAP5: 0.4020, Train mAP: 0.2963, Valid loss: 0.0015, Valid cmAP1: 0.8652, Valid cmAP5: 0.9163, Valid mAP: 0.8504
Epoch 39 - Save Best Score: 0.8652 Model

Epoch 40 - Train loss: 0.0014, Train cmAP1: 0.2954, Train cmAP5: 0.3686, Train mAP: 0.2672, Valid loss: 0.0016, Valid cmAP1: 0.8430, Valid cmAP5: 0.9028, Valid mAP: 0.8201
Valid loss didn't improve last 1 epochs.

Epoch 41 - Train loss: 0.0014, Train cmAP1: 0.3004, Train cmAP5: 0.3735, Train mAP: 0.2718, Valid loss: 0.0015, Valid cmAP1: 0.8508, Valid cmAP5: 0.9072, Valid mAP: 0.8274
Valid loss didn't improve last 2 epochs.

Epoch 42 - Train loss: 0.0014, Train cmAP1: 0.3041, Train cmAP5: 0.3775, Train mAP: 0.2759, Valid loss: 0.0015, Valid cmAP1: 0.8532, Valid cmAP5: 0.9085, Valid mAP: 0.8270
Valid loss didn't improve last 3 epochs.

Epoch 43 - Train loss: 0.0013, Train cmAP1: 0.3095, Train cmAP5: 0.3821, Train mAP: 0.2794, Valid loss: 0.0016, Valid cmAP1: 0.8579, Valid cmAP5: 0.9110, Valid mAP: 0.8351
Valid loss didn't improve last 4 epochs.

Epoch 44 - Train loss: 0.0013, Train cmAP1: 0.3157, Train cmAP5: 0.3878, Train mAP: 0.2862, Valid loss: 0.0015, Valid cmAP1: 0.8619, Valid cmAP5: 0.9138, Valid mAP: 0.8430
Valid loss didn't improve last 5 epochs.

Epoch 45 - Train loss: 0.0013, Train cmAP1: 0.3207, Train cmAP5: 0.3920, Train mAP: 0.2857, Valid loss: 0.0015, Valid cmAP1: 0.8641, Valid cmAP5: 0.9165, Valid mAP: 0.8476
Valid loss didn't improve last 6 epochs.

Epoch 46 - Train loss: 0.0013, Train cmAP1: 0.3276, Train cmAP5: 0.3986, Train mAP: 0.2953, Valid loss: 0.0015, Valid cmAP1: 0.8662, Valid cmAP5: 0.9168, Valid mAP: 0.8487
Epoch 46 - Save Best Score: 0.8662 Model

Epoch 47 - Train loss: 0.0012, Train cmAP1: 0.3289, Train cmAP5: 0.3994, Train mAP: 0.2970, Valid loss: 0.0015, Valid cmAP1: 0.8682, Valid cmAP5: 0.9185, Valid mAP: 0.8522
Epoch 47 - Save Best Score: 0.8682 Model

Epoch 48 - Train loss: 0.0012, Train cmAP1: 0.3292, Train cmAP5: 0.4017, Train mAP: 0.2994, Valid loss: 0.0015, Valid cmAP1: 0.8695, Valid cmAP5: 0.9195, Valid mAP: 0.8542
Epoch 48 - Save Best Score: 0.8695 Model

Epoch 49 - Train loss: 0.0012, Train cmAP1: 0.3301, Train cmAP5: 0.4020, Train mAP: 0.2981, Valid loss: 0.0015, Valid cmAP1: 0.8696, Valid cmAP5: 0.9194, Valid mAP: 0.8540
Epoch 49 - Save Best Score: 0.8696 Model

Epoch 50 - Train loss: 0.0013, Train cmAP1: 0.3049, Train cmAP5: 0.3777, Train mAP: 0.2747, Valid loss: 0.0016, Valid cmAP1: 0.8543, Valid cmAP5: 0.9103, Valid mAP: 0.8291
Valid loss didn't improve last 1 epochs.

Epoch 51 - Train loss: 0.0013, Train cmAP1: 0.3069, Train cmAP5: 0.3801, Train mAP: 0.2756, Valid loss: 0.0016, Valid cmAP1: 0.8525, Valid cmAP5: 0.9088, Valid mAP: 0.8287
Valid loss didn't improve last 2 epochs.

Epoch 52 - Train loss: 0.0013, Train cmAP1: 0.3091, Train cmAP5: 0.3819, Train mAP: 0.2790, Valid loss: 0.0016, Valid cmAP1: 0.8570, Valid cmAP5: 0.9115, Valid mAP: 0.8364
Valid loss didn't improve last 3 epochs.

Epoch 53 - Train loss: 0.0013, Train cmAP1: 0.3140, Train cmAP5: 0.3860, Train mAP: 0.2825, Valid loss: 0.0015, Valid cmAP1: 0.8601, Valid cmAP5: 0.9138, Valid mAP: 0.8409
Valid loss didn't improve last 4 epochs.

Epoch 54 - Train loss: 0.0013, Train cmAP1: 0.3217, Train cmAP5: 0.3924, Train mAP: 0.2860, Valid loss: 0.0015, Valid cmAP1: 0.8642, Valid cmAP5: 0.9156, Valid mAP: 0.8447
Valid loss didn't improve last 5 epochs.

Epoch 55 - Train loss: 0.0013, Train cmAP1: 0.3174, Train cmAP5: 0.3905, Train mAP: 0.2893, Valid loss: 0.0015, Valid cmAP1: 0.8661, Valid cmAP5: 0.9173, Valid mAP: 0.8491
Valid loss didn't improve last 6 epochs.

Epoch 56 - Train loss: 0.0012, Train cmAP1: 0.3358, Train cmAP5: 0.4055, Train mAP: 0.2998, Valid loss: 0.0015, Valid cmAP1: 0.8703, Valid cmAP5: 0.9201, Valid mAP: 0.8542
Epoch 56 - Save Best Score: 0.8703 Model

Epoch 57 - Train loss: 0.0012, Train cmAP1: 0.3368, Train cmAP5: 0.4076, Train mAP: 0.3031, Valid loss: 0.0015, Valid cmAP1: 0.8718, Valid cmAP5: 0.9208, Valid mAP: 0.8568
Epoch 57 - Save Best Score: 0.8718 Model

Epoch 58 - Train loss: 0.0012, Train cmAP1: 0.3376, Train cmAP5: 0.4087, Train mAP: 0.3040, Valid loss: 0.0015, Valid cmAP1: 0.8721, Valid cmAP5: 0.9211, Valid mAP: 0.8571
Epoch 58 - Save Best Score: 0.8721 Model

Epoch 59 - Train loss: 0.0012, Train cmAP1: 0.3316, Train cmAP5: 0.4031, Train mAP: 0.2985, Valid loss: 0.0015, Valid cmAP1: 0.8726, Valid cmAP5: 0.9214, Valid mAP: 0.8575
Epoch 59 - Save Best Score: 0.8726 Model

Epoch 60 - Train loss: 0.0013, Train cmAP1: 0.3086, Train cmAP5: 0.3826, Train mAP: 0.2820, Valid loss: 0.0016, Valid cmAP1: 0.8530, Valid cmAP5: 0.9084, Valid mAP: 0.8295
Valid loss didn't improve last 1 epochs.

Epoch 61 - Train loss: 0.0013, Train cmAP1: 0.3148, Train cmAP5: 0.3873, Train mAP: 0.2815, Valid loss: 0.0015, Valid cmAP1: 0.8612, Valid cmAP5: 0.9135, Valid mAP: 0.8392
Valid loss didn't improve last 2 epochs.

Epoch 62 - Train loss: 0.0013, Train cmAP1: 0.3185, Train cmAP5: 0.3898, Train mAP: 0.2859, Valid loss: 0.0015, Valid cmAP1: 0.8584, Valid cmAP5: 0.9124, Valid mAP: 0.8376
Valid loss didn't improve last 3 epochs.

Epoch 63 - Train loss: 0.0013, Train cmAP1: 0.3198, Train cmAP5: 0.3919, Train mAP: 0.2884, Valid loss: 0.0015, Valid cmAP1: 0.8633, Valid cmAP5: 0.9150, Valid mAP: 0.8407
Valid loss didn't improve last 4 epochs.

Epoch 64 - Train loss: 0.0013, Train cmAP1: 0.3232, Train cmAP5: 0.3947, Train mAP: 0.2910, Valid loss: 0.0015, Valid cmAP1: 0.8667, Valid cmAP5: 0.9175, Valid mAP: 0.8458
Valid loss didn't improve last 5 epochs.

Epoch 65 - Train loss: 0.0012, Train cmAP1: 0.3315, Train cmAP5: 0.4030, Train mAP: 0.2968, Valid loss: 0.0015, Valid cmAP1: 0.8716, Valid cmAP5: 0.9206, Valid mAP: 0.8535
Valid loss didn't improve last 6 epochs.

Epoch 66 - Train loss: 0.0012, Train cmAP1: 0.3400, Train cmAP5: 0.4106, Train mAP: 0.3055, Valid loss: 0.0015, Valid cmAP1: 0.8729, Valid cmAP5: 0.9211, Valid mAP: 0.8539
Epoch 66 - Save Best Score: 0.8729 Model

Epoch 67 - Train loss: 0.0012, Train cmAP1: 0.3376, Train cmAP5: 0.4082, Train mAP: 0.3024, Valid loss: 0.0015, Valid cmAP1: 0.8746, Valid cmAP5: 0.9223, Valid mAP: 0.8572
Epoch 67 - Save Best Score: 0.8746 Model

Epoch 68 - Train loss: 0.0012, Train cmAP1: 0.3394, Train cmAP5: 0.4105, Train mAP: 0.3070, Valid loss: 0.0015, Valid cmAP1: 0.8753, Valid cmAP5: 0.9227, Valid mAP: 0.8578
Epoch 68 - Save Best Score: 0.8753 Model

Epoch 69 - Train loss: 0.0012, Train cmAP1: 0.3399, Train cmAP5: 0.4108, Train mAP: 0.3063, Valid loss: 0.0015, Valid cmAP1: 0.8759, Valid cmAP5: 0.9230, Valid mAP: 0.8581
Epoch 69 - Save Best Score: 0.8759 Model

Epoch 70 - Train loss: 0.0013, Train cmAP1: 0.3196, Train cmAP5: 0.3918, Train mAP: 0.2873, Valid loss: 0.0016, Valid cmAP1: 0.8569, Valid cmAP5: 0.9116, Valid mAP: 0.8326
Valid loss didn't improve last 1 epochs.

Epoch 71 - Train loss: 0.0013, Train cmAP1: 0.3248, Train cmAP5: 0.3959, Train mAP: 0.2898, Valid loss: 0.0016, Valid cmAP1: 0.8633, Valid cmAP5: 0.9144, Valid mAP: 0.8401
Valid loss didn't improve last 2 epochs.

Epoch 72 - Train loss: 0.0013, Train cmAP1: 0.3227, Train cmAP5: 0.3943, Train mAP: 0.2893, Valid loss: 0.0015, Valid cmAP1: 0.8689, Valid cmAP5: 0.9176, Valid mAP: 0.8463
Valid loss didn't improve last 3 epochs.

Epoch 73 - Train loss: 0.0013, Train cmAP1: 0.3318, Train cmAP5: 0.4023, Train mAP: 0.2958, Valid loss: 0.0015, Valid cmAP1: 0.8665, Valid cmAP5: 0.9169, Valid mAP: 0.8453
Valid loss didn't improve last 4 epochs.

Epoch 74 - Train loss: 0.0012, Train cmAP1: 0.3319, Train cmAP5: 0.4026, Train mAP: 0.2982, Valid loss: 0.0015, Valid cmAP1: 0.8691, Valid cmAP5: 0.9182, Valid mAP: 0.8482
Valid loss didn't improve last 5 epochs.

Epoch 75 - Train loss: 0.0012, Train cmAP1: 0.3364, Train cmAP5: 0.4074, Train mAP: 0.3033, Valid loss: 0.0015, Valid cmAP1: 0.8728, Valid cmAP5: 0.9206, Valid mAP: 0.8547
Valid loss didn't improve last 6 epochs.

Epoch 76 - Train loss: 0.0012, Train cmAP1: 0.3364, Train cmAP5: 0.4077, Train mAP: 0.3030, Valid loss: 0.0015, Valid cmAP1: 0.8745, Valid cmAP5: 0.9220, Valid mAP: 0.8564
Valid loss didn't improve last 7 epochs.

Epoch 77 - Train loss: 0.0012, Train cmAP1: 0.3403, Train cmAP5: 0.4110, Train mAP: 0.3075, Valid loss: 0.0015, Valid cmAP1: 0.8751, Valid cmAP5: 0.9224, Valid mAP: 0.8592
Valid loss didn't improve last 8 epochs.

Epoch 78 - Train loss: 0.0012, Train cmAP1: 0.3504, Train cmAP5: 0.4185, Train mAP: 0.3118, Valid loss: 0.0015, Valid cmAP1: 0.8760, Valid cmAP5: 0.9228, Valid mAP: 0.8585
Epoch 78 - Save Best Score: 0.8760 Model

Epoch 79 - Train loss: 0.0012, Train cmAP1: 0.3465, Train cmAP5: 0.4173, Train mAP: 0.3121, Valid loss: 0.0015, Valid cmAP1: 0.8761, Valid cmAP5: 0.9230, Valid mAP: 0.8591
Epoch 79 - Save Best Score: 0.8761 Model

Epoch 80 - Train loss: 0.0013, Train cmAP1: 0.3292, Train cmAP5: 0.4005, Train mAP: 0.2924, Valid loss: 0.0016, Valid cmAP1: 0.8637, Valid cmAP5: 0.9154, Valid mAP: 0.8420
Valid loss didn't improve last 1 epochs.

Epoch 81 - Train loss: 0.0013, Train cmAP1: 0.3303, Train cmAP5: 0.4006, Train mAP: 0.2951, Valid loss: 0.0015, Valid cmAP1: 0.8675, Valid cmAP5: 0.9171, Valid mAP: 0.8428
Valid loss didn't improve last 2 epochs.

Epoch 82 - Train loss: 0.0013, Train cmAP1: 0.3292, Train cmAP5: 0.4004, Train mAP: 0.2961, Valid loss: 0.0016, Valid cmAP1: 0.8666, Valid cmAP5: 0.9167, Valid mAP: 0.8430
Valid loss didn't improve last 3 epochs.

Epoch 83 - Train loss: 0.0012, Train cmAP1: 0.3275, Train cmAP5: 0.3995, Train mAP: 0.2958, Valid loss: 0.0015, Valid cmAP1: 0.8710, Valid cmAP5: 0.9195, Valid mAP: 0.8485
Valid loss didn't improve last 4 epochs.

Epoch 84 - Train loss: 0.0012, Train cmAP1: 0.3377, Train cmAP5: 0.4084, Train mAP: 0.3030, Valid loss: 0.0015, Valid cmAP1: 0.8743, Valid cmAP5: 0.9220, Valid mAP: 0.8541
Valid loss didn't improve last 5 epochs.

Epoch 85 - Train loss: 0.0012, Train cmAP1: 0.3392, Train cmAP5: 0.4102, Train mAP: 0.3041, Valid loss: 0.0015, Valid cmAP1: 0.8751, Valid cmAP5: 0.9227, Valid mAP: 0.8576
Valid loss didn't improve last 6 epochs.

Epoch 86 - Train loss: 0.0012, Train cmAP1: 0.3408, Train cmAP5: 0.4114, Train mAP: 0.3057, Valid loss: 0.0015, Valid cmAP1: 0.8773, Valid cmAP5: 0.9238, Valid mAP: 0.8608
Epoch 86 - Save Best Score: 0.8773 Model

Epoch 87 - Train loss: 0.0012, Train cmAP1: 0.3447, Train cmAP5: 0.4154, Train mAP: 0.3101, Valid loss: 0.0015, Valid cmAP1: 0.8787, Valid cmAP5: 0.9250, Valid mAP: 0.8624
Epoch 87 - Save Best Score: 0.8787 Model

Epoch 88 - Train loss: 0.0011, Train cmAP1: 0.3441, Train cmAP5: 0.4149, Train mAP: 0.3107, Valid loss: 0.0015, Valid cmAP1: 0.8800, Valid cmAP5: 0.9254, Valid mAP: 0.8633
Epoch 88 - Save Best Score: 0.8800 Model

Epoch 89 - Train loss: 0.0011, Train cmAP1: 0.3488, Train cmAP5: 0.4190, Train mAP: 0.3131, Valid loss: 0.0015, Valid cmAP1: 0.8799, Valid cmAP5: 0.9254, Valid mAP: 0.8636
Valid loss didn't improve last 1 epochs.

